;  LST file generated by mikroListExporter - v.2.0 
; Date/Time: 17/06/2025 15:57:17
;----------------------------------------------

;Address Opcode 	ASM
0x0000	0xF000EF16  	GOTO        44
0x0004	0x0000      	NOP
0x0006	0x0000      	NOP
0x0008	0xF000EF00  	GOTO        0
0x000C	0x0000      	NOP
0x000E	0x0000      	NOP
0x0010	0x0000      	NOP
0x0012	0x0000      	NOP
0x0014	0x0000      	NOP
0x0016	0x0000      	NOP
0x0018	0xD7F3      	BRA         0
___CC2DW:
;__Lib_System.c,21 :: 		
;__Lib_System.c,23 :: 		
_CC2DL_Loop1:
;__Lib_System.c,24 :: 		
0x001C	0x0009      	TBLRD*+
;__Lib_System.c,25 :: 		
0x001E	0xFFE6CFF5  	MOVFF       TABLAT, POSTINC1
;__Lib_System.c,26 :: 		
0x0022	0x0600      	DECF        R0, 1, 0
;__Lib_System.c,27 :: 		
0x0024	0xE1FB      	BNZ         _CC2DL_Loop1
;__Lib_System.c,28 :: 		
0x0026	0x0601      	DECF        R1, 1, 0
;__Lib_System.c,29 :: 		
0x0028	0xE1F9      	BNZ         _CC2DL_Loop1
;__Lib_System.c,31 :: 		
L_end___CC2DW:
0x002A	0x0012      	RETURN      0
; end of ___CC2DW
_main:
;display.c,10 :: 		void main(){ // funcao principal do programa
;display.c,12 :: 		ADCON1 = 6; //configura todos os pinos AD como I/O
0x002C	0x0E06      	MOVLW       6
0x002E	0x6EC1      	MOVWF       ADCON1 
;display.c,14 :: 		TRISA = 0; //define portA como saida
0x0030	0x6A92      	CLRF        TRISA 
;display.c,15 :: 		PORTA = 0; //reseta todos os pinos do porta
0x0032	0x6A80      	CLRF        PORTA 
;display.c,17 :: 		TRISD = 0; //define portD como saida
0x0034	0x6A95      	CLRF        TRISD 
;display.c,18 :: 		PORTD = 255; //seta todos os pinos do portd
0x0036	0x0EFF      	MOVLW       255
0x0038	0x6E83      	MOVWF       PORTD 
;display.c,21 :: 		do { //inicio da rotina de loop
L_main0:
;display.c,22 :: 		PORTA.RA2= 1; //liga primeiro display
0x003A	0x8480      	BSF         PORTA, 2 
;display.c,23 :: 		PORTD = 0b11111101; //escreve digito 6
0x003C	0x0EFD      	MOVLW       253
0x003E	0x6E83      	MOVWF       PORTD 
;display.c,24 :: 		Delay_ms(1); //delay de 1ms
0x0040	0x0E03      	MOVLW       3
0x0042	0x6E0C      	MOVWF       R12, 0
0x0044	0x0E97      	MOVLW       151
0x0046	0x6E0D      	MOVWF       R13, 0
L_main3:
0x0048	0x2E0D      	DECFSZ      R13, 1, 0
0x004A	0xD7FE      	BRA         L_main3
0x004C	0x2E0C      	DECFSZ      R12, 1, 0
0x004E	0xD7FC      	BRA         L_main3
0x0050	0x0000      	NOP
0x0052	0x0000      	NOP
;display.c,25 :: 		PORTA.RA2= 0; //desliga primeiro display
0x0054	0x9480      	BCF         PORTA, 2 
;display.c,27 :: 		PORTA.RA3= 1; //liga segundo display
0x0056	0x8680      	BSF         PORTA, 3 
;display.c,28 :: 		PORTD = 0b00111111; //escreve digito 0
0x0058	0x0E3F      	MOVLW       63
0x005A	0x6E83      	MOVWF       PORTD 
;display.c,29 :: 		Delay_ms(1); //delay de 1ms
0x005C	0x0E03      	MOVLW       3
0x005E	0x6E0C      	MOVWF       R12, 0
0x0060	0x0E97      	MOVLW       151
0x0062	0x6E0D      	MOVWF       R13, 0
L_main4:
0x0064	0x2E0D      	DECFSZ      R13, 1, 0
0x0066	0xD7FE      	BRA         L_main4
0x0068	0x2E0C      	DECFSZ      R12, 1, 0
0x006A	0xD7FC      	BRA         L_main4
0x006C	0x0000      	NOP
0x006E	0x0000      	NOP
;display.c,30 :: 		PORTA.RA3= 0; //desliga terceiro display
0x0070	0x9680      	BCF         PORTA, 3 
;display.c,32 :: 		PORTA.RA4= 1; //liga terceiro display
0x0072	0x8880      	BSF         PORTA, 4 
;display.c,33 :: 		PORTD = 0b01101101; //escreve digito 5
0x0074	0x0E6D      	MOVLW       109
0x0076	0x6E83      	MOVWF       PORTD 
;display.c,34 :: 		Delay_ms(1); //delay de 1ms
0x0078	0x0E03      	MOVLW       3
0x007A	0x6E0C      	MOVWF       R12, 0
0x007C	0x0E97      	MOVLW       151
0x007E	0x6E0D      	MOVWF       R13, 0
L_main5:
0x0080	0x2E0D      	DECFSZ      R13, 1, 0
0x0082	0xD7FE      	BRA         L_main5
0x0084	0x2E0C      	DECFSZ      R12, 1, 0
0x0086	0xD7FC      	BRA         L_main5
0x0088	0x0000      	NOP
0x008A	0x0000      	NOP
;display.c,35 :: 		PORTA.RA4= 0; //desliga terceiro display
0x008C	0x9880      	BCF         PORTA, 4 
;display.c,37 :: 		PORTA.RA5= 1; //liga quarto display
0x008E	0x8A80      	BSF         PORTA, 5 
;display.c,38 :: 		PORTD = 0b00000111; //escreve digito 7
0x0090	0x0E07      	MOVLW       7
0x0092	0x6E83      	MOVWF       PORTD 
;display.c,39 :: 		Delay_ms(1); //delay de 1ms
0x0094	0x0E03      	MOVLW       3
0x0096	0x6E0C      	MOVWF       R12, 0
0x0098	0x0E97      	MOVLW       151
0x009A	0x6E0D      	MOVWF       R13, 0
L_main6:
0x009C	0x2E0D      	DECFSZ      R13, 1, 0
0x009E	0xD7FE      	BRA         L_main6
0x00A0	0x2E0C      	DECFSZ      R12, 1, 0
0x00A2	0xD7FC      	BRA         L_main6
0x00A4	0x0000      	NOP
0x00A6	0x0000      	NOP
;display.c,40 :: 		PORTA.RA5= 0; //desliga quarto display
0x00A8	0x9A80      	BCF         PORTA, 5 
;display.c,43 :: 		while (1);
0x00AA	0xD7C7      	BRA         L_main0
;display.c,45 :: 		}
L_end_main:
0x00AC	0xD7FF      	BRA         $+0
; end of _main
Symbol List:
//** Routines locations **
//ADDRESS    SIZE    PROCEDURE
//----------------------------------------------
0x001C      [16]    ___CC2DW
0x002C     [130]    _main
//** Variables locations ** 
//ADDRESS    SIZE    VARIABLE
//----------------------------------------------
0x0000       [1]    UART1_Init_tmp_L0
0x0000       [1]    FLASH_Erase_64_SaveINTCON_L0
0x0000       [1]    EEPROM_Write_SaveINTCON_L0
0x0000       [1]    SPI1_Write_tmp_L0
0x0000       [1]    __Lib_SoftI2C_PutZerosToLATScl_temp_scl_L0
0x0000       [1]    R0
0x0000       [1]    __Lib_SoftI2C_PutZerosToLATSda_temp_sda_L0
0x0001       [1]    __Lib_TFT_16bit_JPEG_FileRead_i_L0
0x0001       [1]    __Lib_TFT_JPEG_FileReadBytes_Result_L0
0x0001       [1]    __Lib_PS2_Wait_Falling_nsample_L0
0x0001       [1]    R1
0x0001       [1]    ispunct_rslt_L0
0x0001       [1]    I2C1_Rd_tmp_L0
0x0001       [1]    UART1_Read___tmp_UART1_Read_L0
0x0001       [1]    __Lib_TFT_JPEG_FileRead_i_L0
0x0001       [1]    FLASH_Erase_Write_64_i_L0
0x0001       [1]    FLASH_Write_32_i_L0
0x0001       [2]    FLASH_Read_N_Bytes_i_L0
0x0001       [1]    __Lib_TFT_16bit_JPEG_FileReadBytes_Result_L0
0x0002       [2]    strlen_cp_L0
0x0002       [1]    R2
0x0002       [1]    FLASH_Erase_Write_64_j_L0
0x0002       [2]    memchr_s_L0
0x0002       [2]    memset_pp_L0
0x0002       [2]    memcpy_dd_L0
0x0002       [1]    FLASH_Write_32_SaveINTCON_L0
0x0003       [1]    FLASH_Erase_Write_64_SaveINTCON_L0
0x0003       [2]    MM_TotalFreeMemSize_Tot_L0
0x0003       [2]    __Lib_MmcFat16_f16_toInt_l_L0
0x0003       [2]    memmove_tt_L0
0x0003       [1]    MM_Init_i_L0
0x0003       [1]    R3
0x0003       [2]    Ltrim_original_L0
0x0003       [1]    __Lib_Sprinti_?FLOC____Lib_Sprinti_Do_FillT29
0x0004       [2]    strncpy_cp_L0
0x0004       [2]    strncat_cp_L0
0x0004       [2]    __Lib_MemManager_MM_GetMemAlign_P_L0
0x0004       [2]    frexp_pom_L0
0x0004       [2]    memcpy_ss_L0
0x0004       [1]    R4
0x0004       [2]    strcpy_cp_L0
0x0004       [2]    strcat_cp_L0
0x0004       [1]    __Lib_Sprinti_?FLOC____Lib_Sprinti_Do_FillT40
0x0005       [1]    __Lib_Sprinti_?FLOC____Lib_Sprinti_Do_FillT54
0x0005       [2]    LongIntToHex_input_half_L0
0x0005       [1]    R5
0x0005       [2]    memmove_ff_L0
0x0005       [2]    Ltrim_p_L0
0x0005       [1]    MM_TotalFreeMemSize_i_L0
0x0005       [2]    LongWordToHex_input_half_L0
0x0006       [1]    __Lib_Sprinti_?FLOC____Lib_Sprinti_Do_FillT69
0x0006       [1]    R6
0x0006       [1]    __Lib_MemManager_MM_GetMemAlign_i_L0
0x0007       [1]    R7
0x0007       [1]    __Lib_TFT_JPEG_GenerateHuffmanTables_bLength_L0
0x0007       [1]    __Lib_TFT_16bit_JPEG_GenerateHuffmanTables_bLength_L0
0x0008       [1]    R8
0x0008       [1]    __Lib_TFT_16bit_JPEG_GenerateHuffmanTables_bTable_L0
0x0008       [1]    __Lib_TFT_JPEG_GenerateHuffmanTables_bTable_L0
0x0009       [1]    R9
0x0009       [4]    __Lib_MmcFat16_f16_toLong_l_L0
0x000A       [1]    R10
0x000B       [1]    R11
0x000C       [1]    R12
0x000D       [1]    R13
0x000E       [1]    R14
0x000F       [1]    R15
0x0010       [1]    R16
0x0011       [1]    R17
0x0012       [1]    R18
0x0013       [1]    R19
0x0014       [1]    R20
0x0F80       [1]    PORTA
0x0F83       [1]    PORTD
0x0F92       [1]    TRISA
0x0F95       [1]    TRISD
0x0FC1       [1]    ADCON1
0x0FD8       [1]    STATUS
0x0FD9       [1]    FSR2L
0x0FDA       [1]    FSR2H
0x0FDE       [1]    POSTINC2
0x0FE0       [1]    BSR
0x0FE1       [1]    FSR1L
0x0FE2       [1]    FSR1H
0x0FE4       [1]    PREINC1
0x0FE6       [1]    POSTINC1
0x0FE7       [1]    INDF1
0x0FE8       [1]    WREG
0x0FE9       [1]    FSR0L
0x0FEA       [1]    FSR0H
0x0FEE       [1]    POSTINC0
0x0FF3       [1]    PRODL
0x0FF4       [1]    PRODH
0x0FF5       [1]    TABLAT
0x0FF6       [1]    TBLPTRL
0x0FF7       [1]    TBLPTRH
0x0FF8       [1]    TBLPTRU
