Analysis & Synthesis report for processadorAOC
Sun Feb 16 22:12:14 2025
Quartus Prime Version 23.1std.1 Build 993 05/14/2024 SC Lite Edition


---------------------
; Table of Contents ;
---------------------
  1. Legal Notice
  2. Analysis & Synthesis Summary
  3. Analysis & Synthesis Settings
  4. Parallel Compilation
  5. Analysis & Synthesis Messages
  6. Analysis & Synthesis Suppressed Messages



----------------
; Legal Notice ;
----------------
Copyright (C) 2024  Intel Corporation. All rights reserved.
Your use of Intel Corporation's design tools, logic functions 
and other software and tools, and any partner logic 
functions, and any output files from any of the foregoing 
(including device programming or simulation files), and any 
associated documentation or information are expressly subject 
to the terms and conditions of the Intel Program License 
Subscription Agreement, the Intel Quartus Prime License Agreement,
the Intel FPGA IP License Agreement, or other applicable license
agreement, including, without limitation, that your use is for
the sole purpose of programming logic devices manufactured by
Intel and sold by Intel or its authorized distributors.  Please
refer to the applicable agreement for further details, at
https://fpgasoftware.intel.com/eula.



+-------------------------------------------------------------------------------------+
; Analysis & Synthesis Summary                                                        ;
+------------------------------------+------------------------------------------------+
; Analysis & Synthesis Status        ; Failed - Sun Feb 16 22:12:14 2025              ;
; Quartus Prime Version              ; 23.1std.1 Build 993 05/14/2024 SC Lite Edition ;
; Revision Name                      ; processadorAOC                                 ;
; Top-level Entity Name              ; MEMInstrucoes                                  ;
; Family                             ; Cyclone IV E                                   ;
; Total logic elements               ; N/A until Partition Merge                      ;
;     Total combinational functions  ; N/A until Partition Merge                      ;
;     Dedicated logic registers      ; N/A until Partition Merge                      ;
; Total registers                    ; N/A until Partition Merge                      ;
; Total pins                         ; N/A until Partition Merge                      ;
; Total virtual pins                 ; N/A until Partition Merge                      ;
; Total memory bits                  ; N/A until Partition Merge                      ;
; Embedded Multiplier 9-bit elements ; N/A until Partition Merge                      ;
; Total PLLs                         ; N/A until Partition Merge                      ;
+------------------------------------+------------------------------------------------+


+------------------------------------------------------------------------------------------------------------+
; Analysis & Synthesis Settings                                                                              ;
+------------------------------------------------------------------+--------------------+--------------------+
; Option                                                           ; Setting            ; Default Value      ;
+------------------------------------------------------------------+--------------------+--------------------+
; Device                                                           ; EP4CE115F29C7      ;                    ;
; Top-level entity name                                            ; MEMInstrucoes      ; processadorAOC     ;
; Family name                                                      ; Cyclone IV E       ; Cyclone V          ;
; Use smart compilation                                            ; Off                ; Off                ;
; Enable parallel Assembler and Timing Analyzer during compilation ; On                 ; On                 ;
; Enable compact report table                                      ; Off                ; Off                ;
; Restructure Multiplexers                                         ; Auto               ; Auto               ;
; Create Debugging Nodes for IP Cores                              ; Off                ; Off                ;
; Preserve fewer node names                                        ; On                 ; On                 ;
; Intel FPGA IP Evaluation Mode                                    ; Enable             ; Enable             ;
; Verilog Version                                                  ; Verilog_2001       ; Verilog_2001       ;
; VHDL Version                                                     ; VHDL_1993          ; VHDL_1993          ;
; State Machine Processing                                         ; Auto               ; Auto               ;
; Safe State Machine                                               ; Off                ; Off                ;
; Extract Verilog State Machines                                   ; On                 ; On                 ;
; Extract VHDL State Machines                                      ; On                 ; On                 ;
; Ignore Verilog initial constructs                                ; Off                ; Off                ;
; Iteration limit for constant Verilog loops                       ; 5000               ; 5000               ;
; Iteration limit for non-constant Verilog loops                   ; 250                ; 250                ;
; Add Pass-Through Logic to Inferred RAMs                          ; On                 ; On                 ;
; Infer RAMs from Raw Logic                                        ; On                 ; On                 ;
; Parallel Synthesis                                               ; On                 ; On                 ;
; DSP Block Balancing                                              ; Auto               ; Auto               ;
; NOT Gate Push-Back                                               ; On                 ; On                 ;
; Power-Up Don't Care                                              ; On                 ; On                 ;
; Remove Redundant Logic Cells                                     ; Off                ; Off                ;
; Remove Duplicate Registers                                       ; On                 ; On                 ;
; Ignore CARRY Buffers                                             ; Off                ; Off                ;
; Ignore CASCADE Buffers                                           ; Off                ; Off                ;
; Ignore GLOBAL Buffers                                            ; Off                ; Off                ;
; Ignore ROW GLOBAL Buffers                                        ; Off                ; Off                ;
; Ignore LCELL Buffers                                             ; Off                ; Off                ;
; Ignore SOFT Buffers                                              ; On                 ; On                 ;
; Limit AHDL Integers to 32 Bits                                   ; Off                ; Off                ;
; Optimization Technique                                           ; Balanced           ; Balanced           ;
; Carry Chain Length                                               ; 70                 ; 70                 ;
; Auto Carry Chains                                                ; On                 ; On                 ;
; Auto Open-Drain Pins                                             ; On                 ; On                 ;
; Perform WYSIWYG Primitive Resynthesis                            ; Off                ; Off                ;
; Auto ROM Replacement                                             ; On                 ; On                 ;
; Auto RAM Replacement                                             ; On                 ; On                 ;
; Auto DSP Block Replacement                                       ; On                 ; On                 ;
; Auto Shift Register Replacement                                  ; Auto               ; Auto               ;
; Allow Shift Register Merging across Hierarchies                  ; Auto               ; Auto               ;
; Auto Clock Enable Replacement                                    ; On                 ; On                 ;
; Strict RAM Replacement                                           ; Off                ; Off                ;
; Allow Synchronous Control Signals                                ; On                 ; On                 ;
; Force Use of Synchronous Clear Signals                           ; Off                ; Off                ;
; Auto RAM Block Balancing                                         ; On                 ; On                 ;
; Auto RAM to Logic Cell Conversion                                ; Off                ; Off                ;
; Auto Resource Sharing                                            ; Off                ; Off                ;
; Allow Any RAM Size For Recognition                               ; Off                ; Off                ;
; Allow Any ROM Size For Recognition                               ; Off                ; Off                ;
; Allow Any Shift Register Size For Recognition                    ; Off                ; Off                ;
; Use LogicLock Constraints during Resource Balancing              ; On                 ; On                 ;
; Ignore translate_off and synthesis_off directives                ; Off                ; Off                ;
; Timing-Driven Synthesis                                          ; On                 ; On                 ;
; Report Parameter Settings                                        ; On                 ; On                 ;
; Report Source Assignments                                        ; On                 ; On                 ;
; Report Connectivity Checks                                       ; On                 ; On                 ;
; Ignore Maximum Fan-Out Assignments                               ; Off                ; Off                ;
; Synchronization Register Chain Length                            ; 2                  ; 2                  ;
; Power Optimization During Synthesis                              ; Normal compilation ; Normal compilation ;
; HDL message level                                                ; Level2             ; Level2             ;
; Suppress Register Optimization Related Messages                  ; Off                ; Off                ;
; Number of Removed Registers Reported in Synthesis Report         ; 5000               ; 5000               ;
; Number of Swept Nodes Reported in Synthesis Report               ; 5000               ; 5000               ;
; Number of Inverted Registers Reported in Synthesis Report        ; 100                ; 100                ;
; Clock MUX Protection                                             ; On                 ; On                 ;
; Auto Gated Clock Conversion                                      ; Off                ; Off                ;
; Block Design Naming                                              ; Auto               ; Auto               ;
; SDC constraint protection                                        ; Off                ; Off                ;
; Synthesis Effort                                                 ; Auto               ; Auto               ;
; Shift Register Replacement - Allow Asynchronous Clear Signal     ; On                 ; On                 ;
; Pre-Mapping Resynthesis Optimization                             ; Off                ; Off                ;
; Analysis & Synthesis Message Level                               ; Medium             ; Medium             ;
; Disable Register Merging Across Hierarchies                      ; Auto               ; Auto               ;
; Resource Aware Inference For Block RAM                           ; On                 ; On                 ;
+------------------------------------------------------------------+--------------------+--------------------+


+------------------------------------------+
; Parallel Compilation                     ;
+----------------------------+-------------+
; Processors                 ; Number      ;
+----------------------------+-------------+
; Number detected on machine ; 4           ;
; Maximum allowed            ; 2           ;
;                            ;             ;
; Average used               ; 1.00        ;
; Maximum used               ; 1           ;
;                            ;             ;
; Usage by Processor         ; % Time Used ;
;     Processor 1            ; 100.0%      ;
+----------------------------+-------------+


+-------------------------------+
; Analysis & Synthesis Messages ;
+-------------------------------+
Info: *******************************************************************
Info: Running Quartus Prime Analysis & Synthesis
    Info: Version 23.1std.1 Build 993 05/14/2024 SC Lite Edition
    Info: Processing started: Sun Feb 16 22:11:59 2025
Info: Command: quartus_map --read_settings_files=on --write_settings_files=off processadorAOC -c processadorAOC
Warning (18236): Number of processors has not been specified which may cause overloading on shared machines.  Set the global assignment NUM_PARALLEL_PROCESSORS in your QSF to an appropriate value for best performance.
Info (20030): Parallel compilation is enabled and will use 2 of the 2 processors detected
Info (12021): Found 1 design units, including 1 entities, in source file cpu.v
    Info (12023): Found entity 1: CPU File: C:/Users/Acer/Documents/processadorLSO/CPU.v Line: 1
Info (12021): Found 1 design units, including 1 entities, in source file meminstrucoes.v
    Info (12023): Found entity 1: MEMInstrucoes File: C:/Users/Acer/Documents/processadorLSO/MEMInstrucoes.v Line: 1
Info (12021): Found 1 design units, including 1 entities, in source file bancoregistradores.v
    Info (12023): Found entity 1: BancoRegistradores File: C:/Users/Acer/Documents/processadorLSO/BancoRegistradores.v Line: 1
Info (12021): Found 1 design units, including 1 entities, in source file unidadedecomparacao.v
    Info (12023): Found entity 1: unidadeDeComparacao File: C:/Users/Acer/Documents/processadorLSO/unidadeDeComparacao.v Line: 1
Info (12021): Found 1 design units, including 1 entities, in source file mux6.v
    Info (12023): Found entity 1: mux6 File: C:/Users/Acer/Documents/processadorLSO/mux6.v Line: 1
Info (12021): Found 1 design units, including 1 entities, in source file ula.v
    Info (12023): Found entity 1: ULA File: C:/Users/Acer/Documents/processadorLSO/ULA.v Line: 1
Info (12021): Found 1 design units, including 1 entities, in source file memoriadados.v
    Info (12023): Found entity 1: MemoriaDados File: C:/Users/Acer/Documents/processadorLSO/MemoriaDados.v Line: 1
Info (12021): Found 1 design units, including 1 entities, in source file unidadedecontrole.v
    Info (12023): Found entity 1: UnidadeDeControle File: C:/Users/Acer/Documents/processadorLSO/UnidadeDeControle.v Line: 1
Info (12021): Found 1 design units, including 1 entities, in source file entradasaida.v
    Info (12023): Found entity 1: EntradaSaida File: C:/Users/Acer/Documents/processadorLSO/EntradaSaida.v Line: 1
Info (12021): Found 1 design units, including 1 entities, in source file muxdesvio.v
    Info (12023): Found entity 1: muxDesvio File: C:/Users/Acer/Documents/processadorLSO/muxDesvio.v Line: 1
Info (12021): Found 1 design units, including 1 entities, in source file bcd.v
    Info (12023): Found entity 1: BCD File: C:/Users/Acer/Documents/processadorLSO/BCD.v Line: 1
Info (12021): Found 1 design units, including 1 entities, in source file displaysete.v
    Info (12023): Found entity 1: displaySete File: C:/Users/Acer/Documents/processadorLSO/displaySete.v Line: 1
Info (12021): Found 1 design units, including 1 entities, in source file pc.v
    Info (12023): Found entity 1: PC File: C:/Users/Acer/Documents/processadorLSO/PC.v Line: 1
Info (12021): Found 1 design units, including 1 entities, in source file paradasistema.v
    Info (12023): Found entity 1: ParadaSistema File: C:/Users/Acer/Documents/processadorLSO/ParadaSistema.v Line: 1
Info (12021): Found 1 design units, including 1 entities, in source file monostable.v
    Info (12023): Found entity 1: monostable File: C:/Users/Acer/Documents/processadorLSO/monostable.v Line: 1
Info (12021): Found 1 design units, including 1 entities, in source file debounce.v
    Info (12023): Found entity 1: DeBounce File: C:/Users/Acer/Documents/processadorLSO/DeBounce.v Line: 1
Info (12021): Found 1 design units, including 1 entities, in source file pulsobotao.v
    Info (12023): Found entity 1: pulsoBotao File: C:/Users/Acer/Documents/processadorLSO/pulsoBotao.v Line: 1
Info (12021): Found 1 design units, including 1 entities, in source file debouncebuton.v
    Info (12023): Found entity 1: DeBouncebuton File: C:/Users/Acer/Documents/processadorLSO/DeBouncebuton.v Line: 28
Info (12021): Found 1 design units, including 1 entities, in source file tratamentobotao.v
    Info (12023): Found entity 1: tratamentoBotao File: C:/Users/Acer/Documents/processadorLSO/tratamentoBotao.v Line: 1
Info (12021): Found 1 design units, including 1 entities, in source file clock_divider.v
    Info (12023): Found entity 1: clock_divider File: C:/Users/Acer/Documents/processadorLSO/clock_divider.v Line: 22
Info (12021): Found 1 design units, including 1 entities, in source file simple_dual_port_ram_dual_clock.v
    Info (12023): Found entity 1: simple_dual_port_ram_dual_clock File: C:/Users/Acer/Documents/processadorLSO/simple_dual_port_ram_dual_clock.v Line: 5
Info (12021): Found 1 design units, including 1 entities, in source file gerenciador_memoria.v
    Info (12023): Found entity 1: Gerenciador_memoria File: C:/Users/Acer/Documents/processadorLSO/Gerenciador_memoria.v Line: 1
Info (12021): Found 1 design units, including 1 entities, in source file escalonador.v
    Info (12023): Found entity 1: Escalonador File: C:/Users/Acer/Documents/processadorLSO/Escalonador.v Line: 1
Info (12021): Found 1 design units, including 1 entities, in source file correcaodesvio.v
    Info (12023): Found entity 1: correcaoDesvio File: C:/Users/Acer/Documents/processadorLSO/correcaoDesvio.v Line: 1
Warning (10236): Verilog HDL Implicit Net warning at CPU.v(87): created implicit net for "entradaDeDadosIO" File: C:/Users/Acer/Documents/processadorLSO/CPU.v Line: 87
Critical Warning (10846): Verilog HDL Instantiation warning at CPU.v(55): instance has no name File: C:/Users/Acer/Documents/processadorLSO/CPU.v Line: 55
Info (12127): Elaborating entity "MEMInstrucoes" for the top level hierarchy
Warning (10235): Verilog HDL Always Construct warning at MEMInstrucoes.v(33): variable "executaBios" is read inside the Always Construct but isn't in the Always Construct's Event Control File: C:/Users/Acer/Documents/processadorLSO/MEMInstrucoes.v Line: 33
Error (10200): Verilog HDL Conditional Statement error at MEMInstrucoes.v(66): cannot match operand(s) in the condition to the corresponding edges in the enclosing event control of the always construct File: C:/Users/Acer/Documents/processadorLSO/MEMInstrucoes.v Line: 66
Warning (10240): Verilog HDL Always Construct warning at MEMInstrucoes.v(55): inferring latch(es) for variable "cursorDePosicao", which holds its previous value in one or more paths through the always construct File: C:/Users/Acer/Documents/processadorLSO/MEMInstrucoes.v Line: 55
Warning (10030): Net "Bios[120..33]" at MEMInstrucoes.v(14) has no driver or initial value, using a default initial value '0' File: C:/Users/Acer/Documents/processadorLSO/MEMInstrucoes.v Line: 14
Warning (10030): Net "Bios[0]" at MEMInstrucoes.v(14) has no driver or initial value, using a default initial value '0' File: C:/Users/Acer/Documents/processadorLSO/MEMInstrucoes.v Line: 14
Warning (10034): Output port "processoEmExecucao" at MEMInstrucoes.v(12) has no driver File: C:/Users/Acer/Documents/processadorLSO/MEMInstrucoes.v Line: 12
Info (10041): Inferred latch for "cursorDePosicao[0]" at MEMInstrucoes.v(66) File: C:/Users/Acer/Documents/processadorLSO/MEMInstrucoes.v Line: 66
Info (10041): Inferred latch for "cursorDePosicao[1]" at MEMInstrucoes.v(66) File: C:/Users/Acer/Documents/processadorLSO/MEMInstrucoes.v Line: 66
Info (10041): Inferred latch for "cursorDePosicao[2]" at MEMInstrucoes.v(66) File: C:/Users/Acer/Documents/processadorLSO/MEMInstrucoes.v Line: 66
Info (10041): Inferred latch for "cursorDePosicao[3]" at MEMInstrucoes.v(66) File: C:/Users/Acer/Documents/processadorLSO/MEMInstrucoes.v Line: 66
Info (10041): Inferred latch for "cursorDePosicao[4]" at MEMInstrucoes.v(66) File: C:/Users/Acer/Documents/processadorLSO/MEMInstrucoes.v Line: 66
Info (10041): Inferred latch for "cursorDePosicao[5]" at MEMInstrucoes.v(66) File: C:/Users/Acer/Documents/processadorLSO/MEMInstrucoes.v Line: 66
Info (10041): Inferred latch for "cursorDePosicao[6]" at MEMInstrucoes.v(66) File: C:/Users/Acer/Documents/processadorLSO/MEMInstrucoes.v Line: 66
Info (10041): Inferred latch for "cursorDePosicao[7]" at MEMInstrucoes.v(66) File: C:/Users/Acer/Documents/processadorLSO/MEMInstrucoes.v Line: 66
Info (10041): Inferred latch for "cursorDePosicao[8]" at MEMInstrucoes.v(66) File: C:/Users/Acer/Documents/processadorLSO/MEMInstrucoes.v Line: 66
Info (10041): Inferred latch for "cursorDePosicao[9]" at MEMInstrucoes.v(66) File: C:/Users/Acer/Documents/processadorLSO/MEMInstrucoes.v Line: 66
Info (10041): Inferred latch for "cursorDePosicao[10]" at MEMInstrucoes.v(66) File: C:/Users/Acer/Documents/processadorLSO/MEMInstrucoes.v Line: 66
Info (10041): Inferred latch for "cursorDePosicao[11]" at MEMInstrucoes.v(66) File: C:/Users/Acer/Documents/processadorLSO/MEMInstrucoes.v Line: 66
Info (10041): Inferred latch for "cursorDePosicao[12]" at MEMInstrucoes.v(66) File: C:/Users/Acer/Documents/processadorLSO/MEMInstrucoes.v Line: 66
Info (10041): Inferred latch for "cursorDePosicao[13]" at MEMInstrucoes.v(66) File: C:/Users/Acer/Documents/processadorLSO/MEMInstrucoes.v Line: 66
Info (10041): Inferred latch for "cursorDePosicao[14]" at MEMInstrucoes.v(66) File: C:/Users/Acer/Documents/processadorLSO/MEMInstrucoes.v Line: 66
Info (10041): Inferred latch for "cursorDePosicao[15]" at MEMInstrucoes.v(66) File: C:/Users/Acer/Documents/processadorLSO/MEMInstrucoes.v Line: 66
Info (10041): Inferred latch for "cursorDePosicao[16]" at MEMInstrucoes.v(66) File: C:/Users/Acer/Documents/processadorLSO/MEMInstrucoes.v Line: 66
Info (10041): Inferred latch for "cursorDePosicao[17]" at MEMInstrucoes.v(66) File: C:/Users/Acer/Documents/processadorLSO/MEMInstrucoes.v Line: 66
Info (10041): Inferred latch for "cursorDePosicao[18]" at MEMInstrucoes.v(66) File: C:/Users/Acer/Documents/processadorLSO/MEMInstrucoes.v Line: 66
Info (10041): Inferred latch for "cursorDePosicao[19]" at MEMInstrucoes.v(66) File: C:/Users/Acer/Documents/processadorLSO/MEMInstrucoes.v Line: 66
Info (10041): Inferred latch for "cursorDePosicao[20]" at MEMInstrucoes.v(66) File: C:/Users/Acer/Documents/processadorLSO/MEMInstrucoes.v Line: 66
Info (10041): Inferred latch for "cursorDePosicao[21]" at MEMInstrucoes.v(66) File: C:/Users/Acer/Documents/processadorLSO/MEMInstrucoes.v Line: 66
Info (10041): Inferred latch for "cursorDePosicao[22]" at MEMInstrucoes.v(66) File: C:/Users/Acer/Documents/processadorLSO/MEMInstrucoes.v Line: 66
Info (10041): Inferred latch for "cursorDePosicao[23]" at MEMInstrucoes.v(66) File: C:/Users/Acer/Documents/processadorLSO/MEMInstrucoes.v Line: 66
Info (10041): Inferred latch for "cursorDePosicao[24]" at MEMInstrucoes.v(66) File: C:/Users/Acer/Documents/processadorLSO/MEMInstrucoes.v Line: 66
Info (10041): Inferred latch for "cursorDePosicao[25]" at MEMInstrucoes.v(66) File: C:/Users/Acer/Documents/processadorLSO/MEMInstrucoes.v Line: 66
Info (10041): Inferred latch for "cursorDePosicao[26]" at MEMInstrucoes.v(66) File: C:/Users/Acer/Documents/processadorLSO/MEMInstrucoes.v Line: 66
Info (10041): Inferred latch for "cursorDePosicao[27]" at MEMInstrucoes.v(66) File: C:/Users/Acer/Documents/processadorLSO/MEMInstrucoes.v Line: 66
Info (10041): Inferred latch for "cursorDePosicao[28]" at MEMInstrucoes.v(66) File: C:/Users/Acer/Documents/processadorLSO/MEMInstrucoes.v Line: 66
Info (10041): Inferred latch for "cursorDePosicao[29]" at MEMInstrucoes.v(66) File: C:/Users/Acer/Documents/processadorLSO/MEMInstrucoes.v Line: 66
Info (10041): Inferred latch for "cursorDePosicao[30]" at MEMInstrucoes.v(66) File: C:/Users/Acer/Documents/processadorLSO/MEMInstrucoes.v Line: 66
Info (10041): Inferred latch for "cursorDePosicao[31]" at MEMInstrucoes.v(66) File: C:/Users/Acer/Documents/processadorLSO/MEMInstrucoes.v Line: 66
Error (12153): Can't elaborate top-level user hierarchy
Info (144001): Generated suppressed messages file C:/Users/Acer/Documents/processadorLSO/output_files/processadorAOC.map.smsg
Error: Quartus Prime Analysis & Synthesis was unsuccessful. 2 errors, 8 warnings
    Error: Peak virtual memory: 4724 megabytes
    Error: Processing ended: Sun Feb 16 22:12:14 2025
    Error: Elapsed time: 00:00:15
    Error: Total CPU time (on all processors): 00:00:29


+------------------------------------------+
; Analysis & Synthesis Suppressed Messages ;
+------------------------------------------+
The suppressed messages can be found in C:/Users/Acer/Documents/processadorLSO/output_files/processadorAOC.map.smsg.


