Flow report for processadorAOC
Tue Oct  8 20:36:32 2024
Quartus Prime Version 22.1std.1 Build 917 02/14/2023 SC Lite Edition


---------------------
; Table of Contents ;
---------------------
  1. Legal Notice
  2. Flow Summary
  3. Flow Settings
  4. Flow Non-Default Global Settings
  5. Flow Elapsed Time
  6. Flow OS Summary
  7. Flow Log
  8. Flow Messages
  9. Flow Suppressed Messages



----------------
; Legal Notice ;
----------------
Copyright (C) 2023  Intel Corporation. All rights reserved.
Your use of Intel Corporation's design tools, logic functions 
and other software and tools, and any partner logic 
functions, and any output files from any of the foregoing 
(including device programming or simulation files), and any 
associated documentation or information are expressly subject 
to the terms and conditions of the Intel Program License 
Subscription Agreement, the Intel Quartus Prime License Agreement,
the Intel FPGA IP License Agreement, or other applicable license
agreement, including, without limitation, that your use is for
the sole purpose of programming logic devices manufactured by
Intel and sold by Intel or its authorized distributors.  Please
refer to the applicable agreement for further details, at
https://fpgasoftware.intel.com/eula.



+-------------------------------------------------------------------------------------------+
; Flow Summary                                                                              ;
+------------------------------------+------------------------------------------------------+
; Flow Status                        ; EDA Netlist Writer Failed - Tue Oct  8 20:36:32 2024 ;
; Quartus Prime Version              ; 22.1std.1 Build 917 02/14/2023 SC Lite Edition       ;
; Revision Name                      ; processadorAOC                                       ;
; Top-level Entity Name              ; mux6                                                 ;
; Family                             ; Cyclone IV E                                         ;
; Device                             ; EP4CE115F29C7                                        ;
; Timing Models                      ; Final                                                ;
; Total logic elements               ; 163 / 114,480 ( < 1 % )                              ;
;     Total combinational functions  ; 163 / 114,480 ( < 1 % )                              ;
;     Dedicated logic registers      ; 0 / 114,480 ( 0 % )                                  ;
; Total registers                    ; 0                                                    ;
; Total pins                         ; 259 / 529 ( 49 % )                                   ;
; Total virtual pins                 ; 0                                                    ;
; Total memory bits                  ; 0 / 3,981,312 ( 0 % )                                ;
; Embedded Multiplier 9-bit elements ; 0 / 532 ( 0 % )                                      ;
; Total PLLs                         ; 0 / 4 ( 0 % )                                        ;
+------------------------------------+------------------------------------------------------+


+-----------------------------------------+
; Flow Settings                           ;
+-------------------+---------------------+
; Option            ; Setting             ;
+-------------------+---------------------+
; Start date & time ; 10/08/2024 20:08:21 ;
; Main task         ; Compilation         ;
; Revision Name     ; processadorAOC      ;
+-------------------+---------------------+


+--------------------------------------------------------------------------------------------------------------------------+
; Flow Non-Default Global Settings                                                                                         ;
+-------------------------------------+----------------------------------------+----------------+-------------+------------+
; Assignment Name                     ; Value                                  ; Default Value  ; Entity Name ; Section Id ;
+-------------------------------------+----------------------------------------+----------------+-------------+------------+
; COMPILER_SIGNATURE_ID               ; 102021909355649.172842890108289        ; --             ; --          ; --         ;
; MAX_CORE_JUNCTION_TEMP              ; 85                                     ; --             ; --          ; --         ;
; MIN_CORE_JUNCTION_TEMP              ; 0                                      ; --             ; --          ; --         ;
; NOMINAL_CORE_SUPPLY_VOLTAGE         ; 1.2V                                   ; --             ; --          ; --         ;
; PARTITION_COLOR                     ; -- (Not supported for targeted family) ; --             ; mux6        ; Top        ;
; PARTITION_FITTER_PRESERVATION_LEVEL ; -- (Not supported for targeted family) ; --             ; mux6        ; Top        ;
; PARTITION_NETLIST_TYPE              ; -- (Not supported for targeted family) ; --             ; mux6        ; Top        ;
; PROJECT_OUTPUT_DIRECTORY            ; output_files                           ; --             ; --          ; --         ;
; TOP_LEVEL_ENTITY                    ; mux6                                   ; processadorAOC ; --          ; --         ;
+-------------------------------------+----------------------------------------+----------------+-------------+------------+


+--------------------------------------------------------------------------------------------------------------------------+
; Flow Elapsed Time                                                                                                        ;
+----------------------+--------------+-------------------------+---------------------+------------------------------------+
; Module Name          ; Elapsed Time ; Average Processors Used ; Peak Virtual Memory ; Total CPU Time (on all processors) ;
+----------------------+--------------+-------------------------+---------------------+------------------------------------+
; Analysis & Synthesis ; 00:00:13     ; 1.0                     ; 362 MB              ; 00:00:28                           ;
; Fitter               ; 00:00:29     ; 1.0                     ; 883 MB              ; 00:00:36                           ;
; Assembler            ; 00:00:05     ; 1.0                     ; 382 MB              ; 00:00:05                           ;
; Timing Analyzer      ; 00:00:02     ; 1.0                     ; 531 MB              ; 00:00:02                           ;
; EDA Netlist Writer   ; 00:00:01     ; 1.0                     ; 603 MB              ; 00:00:01                           ;
; EDA Netlist Writer   ; 00:00:00     ; 1.0                     ; 603 MB              ; 00:00:01                           ;
; EDA Netlist Writer   ; 00:00:01     ; 1.0                     ; 603 MB              ; 00:00:01                           ;
; EDA Netlist Writer   ; 00:00:00     ; 1.0                     ; 603 MB              ; 00:00:01                           ;
; EDA Netlist Writer   ; 00:00:01     ; 1.0                     ; 603 MB              ; 00:00:01                           ;
; EDA Netlist Writer   ; 00:00:00     ; 1.0                     ; 615 MB              ; 00:00:01                           ;
; EDA Netlist Writer   ; 00:00:00     ; 1.0                     ; 603 MB              ; 00:00:01                           ;
; Total                ; 00:00:52     ; --                      ; --                  ; 00:01:18                           ;
+----------------------+--------------+-------------------------+---------------------+------------------------------------+


+----------------------------------------------------------------------------------------+
; Flow OS Summary                                                                        ;
+----------------------+------------------+----------------+------------+----------------+
; Module Name          ; Machine Hostname ; OS Name        ; OS Version ; Processor type ;
+----------------------+------------------+----------------+------------+----------------+
; Analysis & Synthesis ; andre-ubuntu     ; Ubuntu 20.04.6 ; 20         ; x86_64         ;
; Fitter               ; andre-ubuntu     ; Ubuntu 20.04.6 ; 20         ; x86_64         ;
; Assembler            ; andre-ubuntu     ; Ubuntu 20.04.6 ; 20         ; x86_64         ;
; Timing Analyzer      ; andre-ubuntu     ; Ubuntu 20.04.6 ; 20         ; x86_64         ;
; EDA Netlist Writer   ; andre-ubuntu     ; Ubuntu 20.04.6 ; 20         ; x86_64         ;
; EDA Netlist Writer   ; andre-ubuntu     ; Ubuntu 20.04.6 ; 20         ; x86_64         ;
; EDA Netlist Writer   ; andre-ubuntu     ; Ubuntu 20.04.6 ; 20         ; x86_64         ;
; EDA Netlist Writer   ; andre-ubuntu     ; Ubuntu 20.04.6 ; 20         ; x86_64         ;
; EDA Netlist Writer   ; andre-ubuntu     ; Ubuntu 20.04.6 ; 20         ; x86_64         ;
; EDA Netlist Writer   ; andre-ubuntu     ; Ubuntu 20.04.6 ; 20         ; x86_64         ;
; EDA Netlist Writer   ; andre-ubuntu     ; Ubuntu 20.04.6 ; 20         ; x86_64         ;
+----------------------+------------------+----------------+------------+----------------+


------------
; Flow Log ;
------------
quartus_map --read_settings_files=on --write_settings_files=off processadorAOC -c processadorAOC
quartus_fit --read_settings_files=off --write_settings_files=off processadorAOC -c processadorAOC
quartus_asm --read_settings_files=off --write_settings_files=off processadorAOC -c processadorAOC
quartus_sta processadorAOC -c processadorAOC
quartus_eda --gen_testbench --tool=modelsim_oem --format=verilog --write_settings_files=off processadorAOC -c processadorAOC --vector_source="/home/andre/Documentos/Projetos/Graduation/Lab SO/processador_LabSO/Waveform174.vwf" --testbench_file="/home/andre/Documentos/Projetos/Graduation/Lab SO/processador_LabSO/simulation/qsim/Waveform174.vwf.vt"
quartus_eda --gen_testbench --tool=modelsim_oem --format=verilog --write_settings_files=off processadorAOC -c processadorAOC --vector_source="/home/andre/Documentos/Projetos/Graduation/Lab SO/processador_LabSO/Waveform174.vwf" --testbench_file="/home/andre/Documentos/Projetos/Graduation/Lab SO/processador_LabSO/simulation/qsim/Waveform174.vwf.vt"
quartus_eda --gen_testbench --tool=modelsim_oem --format=verilog --write_settings_files=off processadorAOC -c processadorAOC --vector_source="/home/andre/Documentos/Projetos/Graduation/Lab SO/processador_LabSO/Waveform174.vwf" --testbench_file="/home/andre/Documentos/Projetos/Graduation/Lab SO/processador_LabSO/simulation/qsim/Waveform174.vwf.vt"
quartus_eda --gen_testbench --tool=modelsim_oem --format=verilog --write_settings_files=off processadorAOC -c processadorAOC --vector_source="/home/andre/Documentos/Projetos/Graduation/Lab SO/processador_LabSO/Waveform174.vwf" --testbench_file="/home/andre/Documentos/Projetos/Graduation/Lab SO/processador_LabSO/simulation/qsim/Waveform174.vwf.vt"
quartus_eda --gen_testbench --tool=modelsim_oem --format=verilog --write_settings_files=off processadorAOC -c processadorAOC --vector_source="/home/andre/Documentos/Projetos/Graduation/Lab SO/processador_LabSO/Waveform174.vwf" --testbench_file="/home/andre/Documentos/Projetos/Graduation/Lab SO/processador_LabSO/simulation/qsim/Waveform174.vwf.vt"
quartus_eda --write_settings_files=off --simulation=on --functional=on --flatten_buses=off --tool=modelsim_oem --format=verilog --output_directory="/home/andre/Documentos/Projetos/Graduation/Lab SO/processador_LabSO/simulation/qsim/" processadorAOC -c processadorAOC
quartus_eda --gen_testbench --tool=modelsim_oem --format=verilog --write_settings_files=off processadorAOC -c processadorAOC --vector_source=/home/andre/intelFPGA_lite/qstd/questa_fe/modelsim_lib/Waveform.vwf --testbench_file="/home/andre/Documentos/Projetos/Graduation/Lab SO/processador_LabSO/simulation/qsim/../../../../../intelFPGA_lite/qstd/questa_fe/modelsim_lib/Waveform.vwf.vt"



