;  LST file generated by mikroListExporter - v.2.0 
; Date/Time: 24/06/2025 18:29:14
;----------------------------------------------

;Address Opcode 	ASM
0x0000	0xF001EF35  	GOTO        618
0x0004	0x0000      	NOP
0x0006	0x0000      	NOP
0x0008	0xF000EF00  	GOTO        0
0x000C	0x0000      	NOP
0x000E	0x0000      	NOP
0x0010	0x0000      	NOP
0x0012	0x0000      	NOP
0x0014	0x0000      	NOP
0x0016	0x0000      	NOP
0x0018	0xD7F3      	BRA         0
_Delay_5500us:
;__Lib_Delays.c,31 :: 		void Delay_5500us() {
;__Lib_Delays.c,32 :: 		Delay_us(5500);
0x001C	0x0E0F      	MOVLW       15
0x001E	0x6E0C      	MOVWF       R12, 0
0x0020	0x0E47      	MOVLW       71
0x0022	0x6E0D      	MOVWF       R13, 0
L_Delay_5500us5:
0x0024	0x2E0D      	DECFSZ      R13, 1, 0
0x0026	0xD7FE      	BRA         L_Delay_5500us5
0x0028	0x2E0C      	DECFSZ      R12, 1, 0
0x002A	0xD7FC      	BRA         L_Delay_5500us5
0x002C	0x0000      	NOP
0x002E	0x0000      	NOP
;__Lib_Delays.c,33 :: 		}
L_end_Delay_5500us:
0x0030	0x0012      	RETURN      0
; end of _Delay_5500us
_Delay_1us:
;__Lib_Delays.c,7 :: 		void Delay_1us() {
;__Lib_Delays.c,8 :: 		Delay_us(1);
0x0032	0x0000      	NOP
0x0034	0x0000      	NOP
;__Lib_Delays.c,9 :: 		}
L_end_Delay_1us:
0x0036	0x0012      	RETURN      0
; end of _Delay_1us
_Delay_50us:
;__Lib_Delays.c,19 :: 		void Delay_50us() {
;__Lib_Delays.c,20 :: 		Delay_us(50);
0x0038	0x0E21      	MOVLW       33
0x003A	0x6E0D      	MOVWF       R13, 0
L_Delay_50us2:
0x003C	0x2E0D      	DECFSZ      R13, 1, 0
0x003E	0xD7FE      	BRA         L_Delay_50us2
;__Lib_Delays.c,21 :: 		}
L_end_Delay_50us:
0x0040	0x0012      	RETURN      0
; end of _Delay_50us
_Lcd_Cmd:
;__Lib_Lcd.c,18 :: 		
;__Lib_Lcd.c,20 :: 		
0x0042	0xBE71      	BTFSC       FARG_Lcd_Cmd_out_char, 7 
0x0044	0xD002      	BRA         L__Lcd_Cmd21
0x0046	0x9E83      	BCF         LCD_D7, BitPos(LCD_D7+0) 
0x0048	0xD001      	BRA         L__Lcd_Cmd22
L__Lcd_Cmd21:
0x004A	0x8E83      	BSF         LCD_D7, BitPos(LCD_D7+0) 
L__Lcd_Cmd22:
;__Lib_Lcd.c,21 :: 		
0x004C	0xBC71      	BTFSC       FARG_Lcd_Cmd_out_char, 6 
0x004E	0xD002      	BRA         L__Lcd_Cmd23
0x0050	0x9C83      	BCF         LCD_D6, BitPos(LCD_D6+0) 
0x0052	0xD001      	BRA         L__Lcd_Cmd24
L__Lcd_Cmd23:
0x0054	0x8C83      	BSF         LCD_D6, BitPos(LCD_D6+0) 
L__Lcd_Cmd24:
;__Lib_Lcd.c,22 :: 		
0x0056	0xBA71      	BTFSC       FARG_Lcd_Cmd_out_char, 5 
0x0058	0xD002      	BRA         L__Lcd_Cmd25
0x005A	0x9A83      	BCF         LCD_D5, BitPos(LCD_D5+0) 
0x005C	0xD001      	BRA         L__Lcd_Cmd26
L__Lcd_Cmd25:
0x005E	0x8A83      	BSF         LCD_D5, BitPos(LCD_D5+0) 
L__Lcd_Cmd26:
;__Lib_Lcd.c,23 :: 		
0x0060	0xB871      	BTFSC       FARG_Lcd_Cmd_out_char, 4 
0x0062	0xD002      	BRA         L__Lcd_Cmd27
0x0064	0x9883      	BCF         LCD_D4, BitPos(LCD_D4+0) 
0x0066	0xD001      	BRA         L__Lcd_Cmd28
L__Lcd_Cmd27:
0x0068	0x8883      	BSF         LCD_D4, BitPos(LCD_D4+0) 
L__Lcd_Cmd28:
;__Lib_Lcd.c,25 :: 		
0x006A	0xB05D      	BTFSC       __Lib_Lcd_cmd_status, BitPos(__Lib_Lcd_cmd_status+0) 
0x006C	0xD002      	BRA         L__Lcd_Cmd29
0x006E	0x8484      	BSF         LCD_RS, BitPos(LCD_RS+0) 
0x0070	0xD001      	BRA         L__Lcd_Cmd30
L__Lcd_Cmd29:
0x0072	0x9484      	BCF         LCD_RS, BitPos(LCD_RS+0) 
L__Lcd_Cmd30:
;__Lib_Lcd.c,28 :: 		
0x0074	0x8284      	BSF         LCD_EN, BitPos(LCD_EN+0) 
;__Lib_Lcd.c,29 :: 		
0x0076	0xDFDD      	RCALL       _Delay_1us
;__Lib_Lcd.c,30 :: 		
0x0078	0x9284      	BCF         LCD_EN, BitPos(LCD_EN+0) 
;__Lib_Lcd.c,33 :: 		
0x007A	0xB671      	BTFSC       FARG_Lcd_Cmd_out_char, 3 
0x007C	0xD002      	BRA         L__Lcd_Cmd31
0x007E	0x9E83      	BCF         LCD_D7, BitPos(LCD_D7+0) 
0x0080	0xD001      	BRA         L__Lcd_Cmd32
L__Lcd_Cmd31:
0x0082	0x8E83      	BSF         LCD_D7, BitPos(LCD_D7+0) 
L__Lcd_Cmd32:
;__Lib_Lcd.c,34 :: 		
0x0084	0xB471      	BTFSC       FARG_Lcd_Cmd_out_char, 2 
0x0086	0xD002      	BRA         L__Lcd_Cmd33
0x0088	0x9C83      	BCF         LCD_D6, BitPos(LCD_D6+0) 
0x008A	0xD001      	BRA         L__Lcd_Cmd34
L__Lcd_Cmd33:
0x008C	0x8C83      	BSF         LCD_D6, BitPos(LCD_D6+0) 
L__Lcd_Cmd34:
;__Lib_Lcd.c,35 :: 		
0x008E	0xB271      	BTFSC       FARG_Lcd_Cmd_out_char, 1 
0x0090	0xD002      	BRA         L__Lcd_Cmd35
0x0092	0x9A83      	BCF         LCD_D5, BitPos(LCD_D5+0) 
0x0094	0xD001      	BRA         L__Lcd_Cmd36
L__Lcd_Cmd35:
0x0096	0x8A83      	BSF         LCD_D5, BitPos(LCD_D5+0) 
L__Lcd_Cmd36:
;__Lib_Lcd.c,36 :: 		
0x0098	0xB071      	BTFSC       FARG_Lcd_Cmd_out_char, 0 
0x009A	0xD002      	BRA         L__Lcd_Cmd37
0x009C	0x9883      	BCF         LCD_D4, BitPos(LCD_D4+0) 
0x009E	0xD001      	BRA         L__Lcd_Cmd38
L__Lcd_Cmd37:
0x00A0	0x8883      	BSF         LCD_D4, BitPos(LCD_D4+0) 
L__Lcd_Cmd38:
;__Lib_Lcd.c,38 :: 		
0x00A2	0xB05D      	BTFSC       __Lib_Lcd_cmd_status, BitPos(__Lib_Lcd_cmd_status+0) 
0x00A4	0xD002      	BRA         L__Lcd_Cmd39
0x00A6	0x8484      	BSF         LCD_RS, BitPos(LCD_RS+0) 
0x00A8	0xD001      	BRA         L__Lcd_Cmd40
L__Lcd_Cmd39:
0x00AA	0x9484      	BCF         LCD_RS, BitPos(LCD_RS+0) 
L__Lcd_Cmd40:
;__Lib_Lcd.c,40 :: 		
0x00AC	0x8284      	BSF         LCD_EN, BitPos(LCD_EN+0) 
;__Lib_Lcd.c,41 :: 		
0x00AE	0xDFC1      	RCALL       _Delay_1us
;__Lib_Lcd.c,42 :: 		
0x00B0	0x9284      	BCF         LCD_EN, BitPos(LCD_EN+0) 
;__Lib_Lcd.c,44 :: 		
0x00B2	0xA05D      	BTFSS       __Lib_Lcd_cmd_status, BitPos(__Lib_Lcd_cmd_status+0) 
0x00B4	0xD002      	BRA         L_Lcd_Cmd0
;__Lib_Lcd.c,45 :: 		
0x00B6	0xDFB2      	RCALL       _Delay_5500us
0x00B8	0xD001      	BRA         L_Lcd_Cmd1
L_Lcd_Cmd0:
;__Lib_Lcd.c,47 :: 		
0x00BA	0xDFBE      	RCALL       _Delay_50us
L_Lcd_Cmd1:
;__Lib_Lcd.c,48 :: 		
L_end_Lcd_Cmd:
0x00BC	0x0012      	RETURN      0
; end of _Lcd_Cmd
_Lcd_Chr_CP:
;__Lib_Lcd.c,50 :: 		
;__Lib_Lcd.c,52 :: 		
0x00BE	0x905D      	BCF         __Lib_Lcd_cmd_status, BitPos(__Lib_Lcd_cmd_status+0) 
;__Lib_Lcd.c,53 :: 		
0x00C0	0xF071C070  	MOVFF       FARG_Lcd_Chr_CP_out_char, FARG_Lcd_Cmd_out_char
0x00C4	0xDFBE      	RCALL       _Lcd_Cmd
;__Lib_Lcd.c,54 :: 		
0x00C6	0x805D      	BSF         __Lib_Lcd_cmd_status, BitPos(__Lib_Lcd_cmd_status+0) 
;__Lib_Lcd.c,55 :: 		
L_end_Lcd_Chr_CP:
0x00C8	0x0012      	RETURN      0
; end of _Lcd_Chr_CP
_UART1_Data_Ready:
;__Lib_UART_c67.c,34 :: 		
;__Lib_UART_c67.c,35 :: 		
0x00CA	0x0E00      	MOVLW       0
0x00CC	0xBA9E      	BTFSC       PIR1, 5 
0x00CE	0x0E01      	MOVLW       1
0x00D0	0x6E00      	MOVWF       R0 
;__Lib_UART_c67.c,36 :: 		
L_end_UART1_Data_Ready:
0x00D2	0x0012      	RETURN      0
; end of _UART1_Data_Ready
_UART1_Read:
;__Lib_UART_c67.c,39 :: 		
;__Lib_UART_c67.c,42 :: 		
0x00D4	0xF001CFAE  	MOVFF       RCREG, R1
;__Lib_UART_c67.c,43 :: 		
0x00D8	0xA2AB      	BTFSS       RCSTA, 1 
0x00DA	0xD002      	BRA         L_UART1_Read2
;__Lib_UART_c67.c,44 :: 		
0x00DC	0x98AB      	BCF         RCSTA, 4 
;__Lib_UART_c67.c,45 :: 		
0x00DE	0x88AB      	BSF         RCSTA, 4 
;__Lib_UART_c67.c,46 :: 		
L_UART1_Read2:
;__Lib_UART_c67.c,47 :: 		
0x00E0	0xF000C001  	MOVFF       R1, R0
;__Lib_UART_c67.c,48 :: 		
L_end_UART1_Read:
0x00E4	0x0012      	RETURN      0
; end of _UART1_Read
_Lcd_Init:
;__Lib_Lcd.c,84 :: 		
;__Lib_Lcd.c,86 :: 		
0x00E6	0x9296      	BCF         LCD_EN_Direction, BitPos(LCD_EN_Direction+0) 
;__Lib_Lcd.c,87 :: 		
0x00E8	0x9496      	BCF         LCD_RS_Direction, BitPos(LCD_RS_Direction+0) 
;__Lib_Lcd.c,88 :: 		
0x00EA	0x9895      	BCF         LCD_D4_Direction, BitPos(LCD_D4_Direction+0) 
;__Lib_Lcd.c,89 :: 		
0x00EC	0x9A95      	BCF         LCD_D5_Direction, BitPos(LCD_D5_Direction+0) 
;__Lib_Lcd.c,90 :: 		
0x00EE	0x9C95      	BCF         LCD_D6_Direction, BitPos(LCD_D6_Direction+0) 
;__Lib_Lcd.c,91 :: 		
0x00F0	0x9E95      	BCF         LCD_D7_Direction, BitPos(LCD_D7_Direction+0) 
;__Lib_Lcd.c,93 :: 		
0x00F2	0x9284      	BCF         LCD_EN, BitPos(LCD_EN+0) 
;__Lib_Lcd.c,94 :: 		
0x00F4	0x9484      	BCF         LCD_RS, BitPos(LCD_RS+0) 
;__Lib_Lcd.c,95 :: 		
0x00F6	0x9E83      	BCF         LCD_D7, BitPos(LCD_D7+0) 
;__Lib_Lcd.c,96 :: 		
0x00F8	0x9C83      	BCF         LCD_D6, BitPos(LCD_D6+0) 
;__Lib_Lcd.c,97 :: 		
0x00FA	0x9A83      	BCF         LCD_D5, BitPos(LCD_D5+0) 
;__Lib_Lcd.c,98 :: 		
0x00FC	0x9883      	BCF         LCD_D4, BitPos(LCD_D4+0) 
;__Lib_Lcd.c,100 :: 		
0x00FE	0xDF8E      	RCALL       _Delay_5500us
;__Lib_Lcd.c,101 :: 		
0x0100	0xDF8D      	RCALL       _Delay_5500us
;__Lib_Lcd.c,102 :: 		
0x0102	0xDF8C      	RCALL       _Delay_5500us
;__Lib_Lcd.c,105 :: 		
0x0104	0x8A83      	BSF         LCD_D5, BitPos(LCD_D5+0) 
;__Lib_Lcd.c,106 :: 		
0x0106	0x8883      	BSF         LCD_D4, BitPos(LCD_D4+0) 
;__Lib_Lcd.c,107 :: 		
0x0108	0x8284      	BSF         LCD_EN, BitPos(LCD_EN+0) 
;__Lib_Lcd.c,108 :: 		
0x010A	0xDF93      	RCALL       _Delay_1us
;__Lib_Lcd.c,109 :: 		
0x010C	0x9284      	BCF         LCD_EN, BitPos(LCD_EN+0) 
;__Lib_Lcd.c,110 :: 		
0x010E	0xDF86      	RCALL       _Delay_5500us
;__Lib_Lcd.c,112 :: 		
0x0110	0x8284      	BSF         LCD_EN, BitPos(LCD_EN+0) 
;__Lib_Lcd.c,113 :: 		
0x0112	0xDF8F      	RCALL       _Delay_1us
;__Lib_Lcd.c,114 :: 		
0x0114	0x9284      	BCF         LCD_EN, BitPos(LCD_EN+0) 
;__Lib_Lcd.c,115 :: 		
0x0116	0xDF82      	RCALL       _Delay_5500us
;__Lib_Lcd.c,117 :: 		
0x0118	0x8284      	BSF         LCD_EN, BitPos(LCD_EN+0) 
;__Lib_Lcd.c,118 :: 		
0x011A	0xDF8B      	RCALL       _Delay_1us
;__Lib_Lcd.c,119 :: 		
0x011C	0x9284      	BCF         LCD_EN, BitPos(LCD_EN+0) 
;__Lib_Lcd.c,120 :: 		
0x011E	0xDF7E      	RCALL       _Delay_5500us
;__Lib_Lcd.c,123 :: 		
0x0120	0x9883      	BCF         LCD_D4, BitPos(LCD_D4+0) 
;__Lib_Lcd.c,124 :: 		
0x0122	0x8284      	BSF         LCD_EN, BitPos(LCD_EN+0) 
;__Lib_Lcd.c,125 :: 		
0x0124	0xDF86      	RCALL       _Delay_1us
;__Lib_Lcd.c,126 :: 		
0x0126	0x9284      	BCF         LCD_EN, BitPos(LCD_EN+0) 
;__Lib_Lcd.c,127 :: 		
0x0128	0xDF79      	RCALL       _Delay_5500us
;__Lib_Lcd.c,130 :: 		
0x012A	0x8284      	BSF         LCD_EN, BitPos(LCD_EN+0) 
;__Lib_Lcd.c,131 :: 		
0x012C	0xDF82      	RCALL       _Delay_1us
;__Lib_Lcd.c,132 :: 		
0x012E	0x9284      	BCF         LCD_EN, BitPos(LCD_EN+0) 
;__Lib_Lcd.c,134 :: 		
0x0130	0x9A83      	BCF         LCD_D5, BitPos(LCD_D5+0) 
;__Lib_Lcd.c,135 :: 		
0x0132	0x8E83      	BSF         LCD_D7, BitPos(LCD_D7+0) 
;__Lib_Lcd.c,136 :: 		
0x0134	0x8284      	BSF         LCD_EN, BitPos(LCD_EN+0) 
;__Lib_Lcd.c,137 :: 		
0x0136	0xDF7D      	RCALL       _Delay_1us
;__Lib_Lcd.c,138 :: 		
0x0138	0x9284      	BCF         LCD_EN, BitPos(LCD_EN+0) 
;__Lib_Lcd.c,139 :: 		
0x013A	0xDF70      	RCALL       _Delay_5500us
;__Lib_Lcd.c,142 :: 		
0x013C	0x9E83      	BCF         LCD_D7, BitPos(LCD_D7+0) 
;__Lib_Lcd.c,143 :: 		
0x013E	0x8883      	BSF         LCD_D4, BitPos(LCD_D4+0) 
;__Lib_Lcd.c,144 :: 		
0x0140	0x8284      	BSF         LCD_EN, BitPos(LCD_EN+0) 
;__Lib_Lcd.c,145 :: 		
0x0142	0xDF77      	RCALL       _Delay_1us
;__Lib_Lcd.c,146 :: 		
0x0144	0x9284      	BCF         LCD_EN, BitPos(LCD_EN+0) 
;__Lib_Lcd.c,148 :: 		
0x0146	0x9883      	BCF         LCD_D4, BitPos(LCD_D4+0) 
;__Lib_Lcd.c,149 :: 		
0x0148	0x8284      	BSF         LCD_EN, BitPos(LCD_EN+0) 
;__Lib_Lcd.c,150 :: 		
0x014A	0xDF73      	RCALL       _Delay_1us
;__Lib_Lcd.c,151 :: 		
0x014C	0x9284      	BCF         LCD_EN, BitPos(LCD_EN+0) 
;__Lib_Lcd.c,152 :: 		
0x014E	0xDF66      	RCALL       _Delay_5500us
;__Lib_Lcd.c,155 :: 		
0x0150	0x8284      	BSF         LCD_EN, BitPos(LCD_EN+0) 
;__Lib_Lcd.c,156 :: 		
0x0152	0xDF6F      	RCALL       _Delay_1us
;__Lib_Lcd.c,157 :: 		
0x0154	0x9284      	BCF         LCD_EN, BitPos(LCD_EN+0) 
;__Lib_Lcd.c,159 :: 		
0x0156	0x8883      	BSF         LCD_D4, BitPos(LCD_D4+0) 
;__Lib_Lcd.c,160 :: 		
0x0158	0x8284      	BSF         LCD_EN, BitPos(LCD_EN+0) 
;__Lib_Lcd.c,161 :: 		
0x015A	0xDF6B      	RCALL       _Delay_1us
;__Lib_Lcd.c,162 :: 		
0x015C	0x9284      	BCF         LCD_EN, BitPos(LCD_EN+0) 
;__Lib_Lcd.c,163 :: 		
0x015E	0xDF5E      	RCALL       _Delay_5500us
;__Lib_Lcd.c,166 :: 		
0x0160	0x9883      	BCF         LCD_D4, BitPos(LCD_D4+0) 
;__Lib_Lcd.c,167 :: 		
0x0162	0x8284      	BSF         LCD_EN, BitPos(LCD_EN+0) 
;__Lib_Lcd.c,168 :: 		
0x0164	0xDF66      	RCALL       _Delay_1us
;__Lib_Lcd.c,169 :: 		
0x0166	0x9284      	BCF         LCD_EN, BitPos(LCD_EN+0) 
;__Lib_Lcd.c,171 :: 		
0x0168	0x8E83      	BSF         LCD_D7, BitPos(LCD_D7+0) 
;__Lib_Lcd.c,172 :: 		
0x016A	0x8C83      	BSF         LCD_D6, BitPos(LCD_D6+0) 
;__Lib_Lcd.c,173 :: 		
0x016C	0x8A83      	BSF         LCD_D5, BitPos(LCD_D5+0) 
;__Lib_Lcd.c,174 :: 		
0x016E	0x8883      	BSF         LCD_D4, BitPos(LCD_D4+0) 
;__Lib_Lcd.c,175 :: 		
0x0170	0x8284      	BSF         LCD_EN, BitPos(LCD_EN+0) 
;__Lib_Lcd.c,176 :: 		
0x0172	0xDF5F      	RCALL       _Delay_1us
;__Lib_Lcd.c,177 :: 		
0x0174	0x9284      	BCF         LCD_EN, BitPos(LCD_EN+0) 
;__Lib_Lcd.c,179 :: 		
0x0176	0xDF52      	RCALL       _Delay_5500us
;__Lib_Lcd.c,181 :: 		
0x0178	0x805D      	BSF         __Lib_Lcd_cmd_status, BitPos(__Lib_Lcd_cmd_status+0) 
;__Lib_Lcd.c,182 :: 		
L_end_Lcd_Init:
0x017A	0x0012      	RETURN      0
; end of _Lcd_Init
___CC2DW:
;__Lib_System.c,21 :: 		
;__Lib_System.c,23 :: 		
_CC2DL_Loop1:
;__Lib_System.c,24 :: 		
0x017C	0x0009      	TBLRD*+
;__Lib_System.c,25 :: 		
0x017E	0xFFE6CFF5  	MOVFF       TABLAT, POSTINC1
;__Lib_System.c,26 :: 		
0x0182	0x0600      	DECF        R0, 1, 0
;__Lib_System.c,27 :: 		
0x0184	0xE1FB      	BNZ         _CC2DL_Loop1
;__Lib_System.c,28 :: 		
0x0186	0x0601      	DECF        R1, 1, 0
;__Lib_System.c,29 :: 		
0x0188	0xE1F9      	BNZ         _CC2DL_Loop1
;__Lib_System.c,31 :: 		
L_end___CC2DW:
0x018A	0x0012      	RETURN      0
; end of ___CC2DW
_UART1_Init:
;__Lib_UART_c67.c,15 :: 		
;__Lib_UART_c67.c,18 :: 		
0x018C	0x0E5C      	MOVLW       _UART1_Write
0x018E	0x6E59      	MOVWF       _UART_Wr_Ptr 
0x0190	0x0E02      	MOVLW       hi_addr(_UART1_Write)
0x0192	0x6E5A      	MOVWF       _UART_Wr_Ptr+1 
0x0194	0x0E6B      	MOVLW       FARG_UART1_Write_data_
0x0196	0x6E5B      	MOVWF       _UART_Wr_Ptr+2 
0x0198	0x0E00      	MOVLW       hi_addr(FARG_UART1_Write_data_)
0x019A	0x6E5C      	MOVWF       _UART_Wr_Ptr+3 
;__Lib_UART_c67.c,19 :: 		
0x019C	0x0ED4      	MOVLW       _UART1_Read
0x019E	0x6E66      	MOVWF       _UART_Rd_Ptr 
0x01A0	0x0E00      	MOVLW       hi_addr(_UART1_Read)
0x01A2	0x6E67      	MOVWF       _UART_Rd_Ptr+1 
0x01A4	0x0E00      	MOVLW       0
0x01A6	0x6E68      	MOVWF       _UART_Rd_Ptr+2 
0x01A8	0x0E00      	MOVLW       0
0x01AA	0x6E69      	MOVWF       _UART_Rd_Ptr+3 
;__Lib_UART_c67.c,20 :: 		
0x01AC	0x0ECA      	MOVLW       _UART1_Data_Ready
0x01AE	0x6E5E      	MOVWF       _UART_Rdy_Ptr 
0x01B0	0x0E00      	MOVLW       hi_addr(_UART1_Data_Ready)
0x01B2	0x6E5F      	MOVWF       _UART_Rdy_Ptr+1 
0x01B4	0x0E00      	MOVLW       0
0x01B6	0x6E60      	MOVWF       _UART_Rdy_Ptr+2 
0x01B8	0x0E00      	MOVLW       0
0x01BA	0x6E61      	MOVWF       _UART_Rdy_Ptr+3 
;__Lib_UART_c67.c,21 :: 		
0x01BC	0x0EFF      	MOVLW       _UART1_Tx_Idle
0x01BE	0x6E62      	MOVWF       _UART_Tx_Idle_Ptr 
0x01C0	0x0EFF      	MOVLW       hi_addr(_UART1_Tx_Idle)
0x01C2	0x6E63      	MOVWF       _UART_Tx_Idle_Ptr+1 
0x01C4	0x0E00      	MOVLW       0
0x01C6	0x6E64      	MOVWF       _UART_Tx_Idle_Ptr+2 
0x01C8	0x0E00      	MOVLW       0
0x01CA	0x6E65      	MOVWF       _UART_Tx_Idle_Ptr+3 
;__Lib_UART_c67.c,23 :: 		
0x01CC	0x8AAC      	BSF         TXSTA, 5 
;__Lib_UART_c67.c,24 :: 		
0x01CE	0x0E90      	MOVLW       144
0x01D0	0x6EAB      	MOVWF       RCSTA 
;__Lib_UART_c67.c,25 :: 		
0x01D2	0x8E94      	BSF         TRISC7_bit, BitPos(TRISC7_bit+0) 
;__Lib_UART_c67.c,26 :: 		
0x01D4	0x9C94      	BCF         TRISC6_bit, BitPos(TRISC6_bit+0) 
;__Lib_UART_c67.c,28 :: 		
L_UART1_Init0:
0x01D6	0xAA9E      	BTFSS       PIR1, 5 
0x01D8	0xD003      	BRA         L_UART1_Init1
;__Lib_UART_c67.c,29 :: 		
0x01DA	0xF000CFAE  	MOVFF       RCREG, R0
0x01DE	0xD7FB      	BRA         L_UART1_Init0
L_UART1_Init1:
;__Lib_UART_c67.c,30 :: 		
L_end_UART1_Init:
0x01E0	0x0012      	RETURN      0
; end of _UART1_Init
_Lcd_Out:
;__Lib_Lcd.c,184 :: 		
;__Lib_Lcd.c,187 :: 		
0x01E2	0xD00F      	BRA         L_Lcd_Out11
;__Lib_Lcd.c,188 :: 		
L_Lcd_Out13:
0x01E4	0x0E80      	MOVLW       128
0x01E6	0x6E6B      	MOVWF       FARG_Lcd_Out_row 
0x01E8	0xD019      	BRA         L_Lcd_Out12
;__Lib_Lcd.c,189 :: 		
L_Lcd_Out14:
0x01EA	0x0EC0      	MOVLW       192
0x01EC	0x6E6B      	MOVWF       FARG_Lcd_Out_row 
0x01EE	0xD016      	BRA         L_Lcd_Out12
;__Lib_Lcd.c,190 :: 		
L_Lcd_Out15:
0x01F0	0x0E94      	MOVLW       148
0x01F2	0x6E6B      	MOVWF       FARG_Lcd_Out_row 
0x01F4	0xD013      	BRA         L_Lcd_Out12
;__Lib_Lcd.c,191 :: 		
L_Lcd_Out16:
0x01F6	0x0ED4      	MOVLW       212
0x01F8	0x6E6B      	MOVWF       FARG_Lcd_Out_row 
0x01FA	0xD010      	BRA         L_Lcd_Out12
;__Lib_Lcd.c,192 :: 		
L_Lcd_Out17:
0x01FC	0x0E80      	MOVLW       128
0x01FE	0x6E6B      	MOVWF       FARG_Lcd_Out_row 
;__Lib_Lcd.c,193 :: 		
0x0200	0xD00D      	BRA         L_Lcd_Out12
L_Lcd_Out11:
0x0202	0x506B      	MOVF        FARG_Lcd_Out_row, 0 
0x0204	0x0A01      	XORLW       1
0x0206	0xE0EE      	BZ          L_Lcd_Out13
0x0208	0x506B      	MOVF        FARG_Lcd_Out_row, 0 
0x020A	0x0A02      	XORLW       2
0x020C	0xE0EE      	BZ          L_Lcd_Out14
0x020E	0x506B      	MOVF        FARG_Lcd_Out_row, 0 
0x0210	0x0A03      	XORLW       3
0x0212	0xE0EE      	BZ          L_Lcd_Out15
0x0214	0x506B      	MOVF        FARG_Lcd_Out_row, 0 
0x0216	0x0A04      	XORLW       4
0x0218	0xE0EE      	BZ          L_Lcd_Out16
0x021A	0xD7F0      	BRA         L_Lcd_Out17
L_Lcd_Out12:
;__Lib_Lcd.c,194 :: 		
0x021C	0x046C      	DECF        FARG_Lcd_Out_column, 0 
0x021E	0x6E00      	MOVWF       R0 
0x0220	0x506B      	MOVF        FARG_Lcd_Out_row, 0 
0x0222	0x2600      	ADDWF       R0, 1 
0x0224	0xF06BC000  	MOVFF       R0, FARG_Lcd_Out_row
;__Lib_Lcd.c,196 :: 		
0x0228	0xF071C000  	MOVFF       R0, FARG_Lcd_Cmd_out_char
0x022C	0xDF0A      	RCALL       _Lcd_Cmd
;__Lib_Lcd.c,197 :: 		
0x022E	0x905D      	BCF         __Lib_Lcd_cmd_status, BitPos(__Lib_Lcd_cmd_status+0) 
;__Lib_Lcd.c,198 :: 		
0x0230	0x6A6F      	CLRF        Lcd_Out_i_L0 
;__Lib_Lcd.c,199 :: 		
L_Lcd_Out18:
0x0232	0x506F      	MOVF        Lcd_Out_i_L0, 0 
0x0234	0x246D      	ADDWF       FARG_Lcd_Out_text, 0 
0x0236	0x6EE9      	MOVWF       FSR0L 
0x0238	0x0E00      	MOVLW       0
0x023A	0x206E      	ADDWFC      FARG_Lcd_Out_text+1, 0 
0x023C	0x6EEA      	MOVWF       FSR0H 
0x023E	0x52EE      	MOVF        POSTINC0, 1 
0x0240	0xE00B      	BZ          L_Lcd_Out19
;__Lib_Lcd.c,200 :: 		
0x0242	0x506F      	MOVF        Lcd_Out_i_L0, 0 
0x0244	0x246D      	ADDWF       FARG_Lcd_Out_text, 0 
0x0246	0x6EE9      	MOVWF       FSR0L 
0x0248	0x0E00      	MOVLW       0
0x024A	0x206E      	ADDWFC      FARG_Lcd_Out_text+1, 0 
0x024C	0x6EEA      	MOVWF       FSR0H 
0x024E	0xF070CFEE  	MOVFF       POSTINC0, FARG_Lcd_Chr_CP_out_char
0x0252	0xDF35      	RCALL       _Lcd_Chr_CP
0x0254	0x2A6F      	INCF        Lcd_Out_i_L0, 1 
0x0256	0xD7ED      	BRA         L_Lcd_Out18
L_Lcd_Out19:
;__Lib_Lcd.c,201 :: 		
0x0258	0x805D      	BSF         __Lib_Lcd_cmd_status, BitPos(__Lib_Lcd_cmd_status+0) 
;__Lib_Lcd.c,202 :: 		
L_end_Lcd_Out:
0x025A	0x0012      	RETURN      0
; end of _Lcd_Out
_UART1_Write:
;__Lib_UART_c67.c,58 :: 		
;__Lib_UART_c67.c,59 :: 		
L_UART1_Write3:
0x025C	0xB2AC      	BTFSC       TXSTA, 1 
0x025E	0xD002      	BRA         L_UART1_Write4
;__Lib_UART_c67.c,60 :: 		
0x0260	0x0000      	NOP
0x0262	0xD7FC      	BRA         L_UART1_Write3
L_UART1_Write4:
;__Lib_UART_c67.c,61 :: 		
0x0264	0xFFADC06B  	MOVFF       FARG_UART1_Write_data_, TXREG
;__Lib_UART_c67.c,62 :: 		
L_end_UART1_Write:
0x0268	0x0012      	RETURN      0
; end of _UART1_Write
_main:
0x026A	0xF001ECF2  	CALL        996, 0
;UARTarduinoPIC.c,44 :: 		void main(){
;UARTarduinoPIC.c,46 :: 		ADCON1  = 0x0E;                           //Configura os pinos do PORTB como digitais, e RA0 (PORTA) como analogico
0x026E	0x0E0E      	MOVLW       14
0x0270	0x6EC1      	MOVWF       ADCON1 
;UARTarduinoPIC.c,48 :: 		Lcd_Init();                               //Inicializa m dulo LCD
0x0272	0xDF39      	RCALL       _Lcd_Init
;UARTarduinoPIC.c,49 :: 		Lcd_Cmd(_LCD_CURSOR_OFF);                 //Apaga cursor
0x0274	0x0E0C      	MOVLW       12
0x0276	0x6E71      	MOVWF       FARG_Lcd_Cmd_out_char 
0x0278	0xDEE4      	RCALL       _Lcd_Cmd
;UARTarduinoPIC.c,50 :: 		Lcd_Cmd(_LCD_CLEAR);                      //Limpa display
0x027A	0x0E01      	MOVLW       1
0x027C	0x6E71      	MOVWF       FARG_Lcd_Cmd_out_char 
0x027E	0xDEE1      	RCALL       _Lcd_Cmd
;UARTarduinoPIC.c,52 :: 		UART1_Init(9600);  // Utiliza bibliotecas do compilador para configurcao do Baud rate.
0x0280	0x86B8      	BSF         BAUDCON, 3, 0
0x0282	0x6AB0      	CLRF        SPBRGH 
0x0284	0x0ECF      	MOVLW       207
0x0286	0x6EAF      	MOVWF       SPBRG 
0x0288	0x84AC      	BSF         TXSTA, 2, 0
0x028A	0xDF80      	RCALL       _UART1_Init
;UARTarduinoPIC.c,55 :: 		while(1){  // SELECIONE A VARIAVEL DE CONTROLE (CONTROL) DECLARADA ACIMA.
L_main0:
;UARTarduinoPIC.c,56 :: 		if (Control == 0){   // O PIC (Control = 0) envia um caracter e o Arduino responde com outro caracter.
0x028C	0x0E00      	MOVLW       0
0x028E	0x181F      	XORWF       _Control+1, 0 
0x0290	0xE102      	BNZ         L__main13
0x0292	0x0E00      	MOVLW       0
0x0294	0x181E      	XORWF       _Control, 0 
L__main13:
0x0296	0xE13E      	BNZ         L_main2
;UARTarduinoPIC.c,57 :: 		UART1_Write('T'); // Transmite o caracter para o Arduino
0x0298	0x0E54      	MOVLW       84
0x029A	0x6E6B      	MOVWF       FARG_UART1_Write_data_ 
0x029C	0xDFDF      	RCALL       _UART1_Write
;UARTarduinoPIC.c,58 :: 		lcd_out(1,1,"PIC Send/Receive");
0x029E	0x0E01      	MOVLW       1
0x02A0	0x6E6B      	MOVWF       FARG_Lcd_Out_row 
0x02A2	0x0E01      	MOVLW       1
0x02A4	0x6E6C      	MOVWF       FARG_Lcd_Out_column 
0x02A6	0x0E38      	MOVLW       ?lstr1_UARTarduinoPIC
0x02A8	0x6E6D      	MOVWF       FARG_Lcd_Out_text 
0x02AA	0x0E00      	MOVLW       hi_addr(?lstr1_UARTarduinoPIC)
0x02AC	0x6E6E      	MOVWF       FARG_Lcd_Out_text+1 
0x02AE	0xDF99      	RCALL       _Lcd_Out
;UARTarduinoPIC.c,59 :: 		lcd_out(2,1,"Send = T");
0x02B0	0x0E02      	MOVLW       2
0x02B2	0x6E6B      	MOVWF       FARG_Lcd_Out_row 
0x02B4	0x0E01      	MOVLW       1
0x02B6	0x6E6C      	MOVWF       FARG_Lcd_Out_column 
0x02B8	0x0E49      	MOVLW       ?lstr2_UARTarduinoPIC
0x02BA	0x6E6D      	MOVWF       FARG_Lcd_Out_text 
0x02BC	0x0E00      	MOVLW       hi_addr(?lstr2_UARTarduinoPIC)
0x02BE	0x6E6E      	MOVWF       FARG_Lcd_Out_text+1 
0x02C0	0xDF90      	RCALL       _Lcd_Out
;UARTarduinoPIC.c,60 :: 		Delay_ms(50);
0x02C2	0x0E82      	MOVLW       130
0x02C4	0x6E0C      	MOVWF       R12, 0
0x02C6	0x0EDD      	MOVLW       221
0x02C8	0x6E0D      	MOVWF       R13, 0
L_main3:
0x02CA	0x2E0D      	DECFSZ      R13, 1, 0
0x02CC	0xD7FE      	BRA         L_main3
0x02CE	0x2E0C      	DECFSZ      R12, 1, 0
0x02D0	0xD7FC      	BRA         L_main3
0x02D2	0x0000      	NOP
0x02D4	0x0000      	NOP
;UARTarduinoPIC.c,61 :: 		if(UART1_Data_Ready()){  // Verifica se um dado foi recebido no buffer
0x02D6	0xDEF9      	RCALL       _UART1_Data_Ready
0x02D8	0x5200      	MOVF        R0, 1 
0x02DA	0xE01C      	BZ          L_main4
;UARTarduinoPIC.c,62 :: 		ucRead = UART1_Read(); // Le o dado recebido do buffer.
0x02DC	0xDEFB      	RCALL       _UART1_Read
0x02DE	0xF06AC000  	MOVFF       R0, _ucRead
;UARTarduinoPIC.c,63 :: 		Delay_ms(50);   // Pausa de 50ms.
0x02E2	0x0E82      	MOVLW       130
0x02E4	0x6E0C      	MOVWF       R12, 0
0x02E6	0x0EDD      	MOVLW       221
0x02E8	0x6E0D      	MOVWF       R13, 0
L_main5:
0x02EA	0x2E0D      	DECFSZ      R13, 1, 0
0x02EC	0xD7FE      	BRA         L_main5
0x02EE	0x2E0C      	DECFSZ      R12, 1, 0
0x02F0	0xD7FC      	BRA         L_main5
0x02F2	0x0000      	NOP
0x02F4	0x0000      	NOP
;UARTarduinoPIC.c,64 :: 		if (ucRead == 'S'){
0x02F6	0x506A      	MOVF        _ucRead, 0 
0x02F8	0x0A53      	XORLW       83
0x02FA	0xE10C      	BNZ         L_main6
;UARTarduinoPIC.c,65 :: 		lcd_out(2,10,"Rec.= ");
0x02FC	0x0E02      	MOVLW       2
0x02FE	0x6E6B      	MOVWF       FARG_Lcd_Out_row 
0x0300	0x0E0A      	MOVLW       10
0x0302	0x6E6C      	MOVWF       FARG_Lcd_Out_column 
0x0304	0x0E31      	MOVLW       ?lstr3_UARTarduinoPIC
0x0306	0x6E6D      	MOVWF       FARG_Lcd_Out_text 
0x0308	0x0E00      	MOVLW       hi_addr(?lstr3_UARTarduinoPIC)
0x030A	0x6E6E      	MOVWF       FARG_Lcd_Out_text+1 
0x030C	0xDF6A      	RCALL       _Lcd_Out
;UARTarduinoPIC.c,66 :: 		lcd_chr_cp (ucRead);
0x030E	0xF070C06A  	MOVFF       _ucRead, FARG_Lcd_Chr_CP_out_char
0x0312	0xDED5      	RCALL       _Lcd_Chr_CP
;UARTarduinoPIC.c,67 :: 		}
L_main6:
;UARTarduinoPIC.c,68 :: 		}
L_main4:
;UARTarduinoPIC.c,69 :: 		}
L_main2:
;UARTarduinoPIC.c,71 :: 		if (Control == 1){   // O PIC (Control = 1) recebe um caracter do Arduino e responde com outro caracter.
0x0314	0x0E00      	MOVLW       0
0x0316	0x181F      	XORWF       _Control+1, 0 
0x0318	0xE102      	BNZ         L__main14
0x031A	0x0E01      	MOVLW       1
0x031C	0x181E      	XORWF       _Control, 0 
L__main14:
0x031E	0xE13E      	BNZ         L_main7
;UARTarduinoPIC.c,72 :: 		if(UART1_Data_Ready()){  // Verifica se um dado foi recebido no buffer
0x0320	0xDED4      	RCALL       _UART1_Data_Ready
0x0322	0x5200      	MOVF        R0, 1 
0x0324	0xE03B      	BZ          L_main8
;UARTarduinoPIC.c,73 :: 		ucRead = UART1_Read(); // Le o dado recebido do buffer.
0x0326	0xDED6      	RCALL       _UART1_Read
0x0328	0xF06AC000  	MOVFF       R0, _ucRead
;UARTarduinoPIC.c,74 :: 		Delay_ms(50);   // Pausa de 50ms.
0x032C	0x0E82      	MOVLW       130
0x032E	0x6E0C      	MOVWF       R12, 0
0x0330	0x0EDD      	MOVLW       221
0x0332	0x6E0D      	MOVWF       R13, 0
L_main9:
0x0334	0x2E0D      	DECFSZ      R13, 1, 0
0x0336	0xD7FE      	BRA         L_main9
0x0338	0x2E0C      	DECFSZ      R12, 1, 0
0x033A	0xD7FC      	BRA         L_main9
0x033C	0x0000      	NOP
0x033E	0x0000      	NOP
;UARTarduinoPIC.c,75 :: 		if (ucRead == 'M'){
0x0340	0x506A      	MOVF        _ucRead, 0 
0x0342	0x0A4D      	XORLW       77
0x0344	0xE115      	BNZ         L_main10
;UARTarduinoPIC.c,76 :: 		lcd_out(1,1,"PIC Receive/Send");
0x0346	0x0E01      	MOVLW       1
0x0348	0x6E6B      	MOVWF       FARG_Lcd_Out_row 
0x034A	0x0E01      	MOVLW       1
0x034C	0x6E6C      	MOVWF       FARG_Lcd_Out_column 
0x034E	0x0E20      	MOVLW       ?lstr4_UARTarduinoPIC
0x0350	0x6E6D      	MOVWF       FARG_Lcd_Out_text 
0x0352	0x0E00      	MOVLW       hi_addr(?lstr4_UARTarduinoPIC)
0x0354	0x6E6E      	MOVWF       FARG_Lcd_Out_text+1 
0x0356	0xDF45      	RCALL       _Lcd_Out
;UARTarduinoPIC.c,77 :: 		lcd_out(2,1,"Rec.= ");
0x0358	0x0E02      	MOVLW       2
0x035A	0x6E6B      	MOVWF       FARG_Lcd_Out_row 
0x035C	0x0E01      	MOVLW       1
0x035E	0x6E6C      	MOVWF       FARG_Lcd_Out_column 
0x0360	0x0E52      	MOVLW       ?lstr5_UARTarduinoPIC
0x0362	0x6E6D      	MOVWF       FARG_Lcd_Out_text 
0x0364	0x0E00      	MOVLW       hi_addr(?lstr5_UARTarduinoPIC)
0x0366	0x6E6E      	MOVWF       FARG_Lcd_Out_text+1 
0x0368	0xDF3C      	RCALL       _Lcd_Out
;UARTarduinoPIC.c,78 :: 		lcd_chr_cp (ucRead);
0x036A	0xF070C06A  	MOVFF       _ucRead, FARG_Lcd_Chr_CP_out_char
0x036E	0xDEA7      	RCALL       _Lcd_Chr_CP
;UARTarduinoPIC.c,79 :: 		}
L_main10:
;UARTarduinoPIC.c,80 :: 		UART1_Write('P');
0x0370	0x0E50      	MOVLW       80
0x0372	0x6E6B      	MOVWF       FARG_UART1_Write_data_ 
0x0374	0xDF73      	RCALL       _UART1_Write
;UARTarduinoPIC.c,81 :: 		lcd_out(2,9,"Send = P");
0x0376	0x0E02      	MOVLW       2
0x0378	0x6E6B      	MOVWF       FARG_Lcd_Out_row 
0x037A	0x0E09      	MOVLW       9
0x037C	0x6E6C      	MOVWF       FARG_Lcd_Out_column 
0x037E	0x0E15      	MOVLW       ?lstr6_UARTarduinoPIC
0x0380	0x6E6D      	MOVWF       FARG_Lcd_Out_text 
0x0382	0x0E00      	MOVLW       hi_addr(?lstr6_UARTarduinoPIC)
0x0384	0x6E6E      	MOVWF       FARG_Lcd_Out_text+1 
0x0386	0xDF2D      	RCALL       _Lcd_Out
;UARTarduinoPIC.c,82 :: 		Delay_ms(50);
0x0388	0x0E82      	MOVLW       130
0x038A	0x6E0C      	MOVWF       R12, 0
0x038C	0x0EDD      	MOVLW       221
0x038E	0x6E0D      	MOVWF       R13, 0
L_main11:
0x0390	0x2E0D      	DECFSZ      R13, 1, 0
0x0392	0xD7FE      	BRA         L_main11
0x0394	0x2E0C      	DECFSZ      R12, 1, 0
0x0396	0xD7FC      	BRA         L_main11
0x0398	0x0000      	NOP
0x039A	0x0000      	NOP
;UARTarduinoPIC.c,83 :: 		}
L_main8:
;UARTarduinoPIC.c,84 :: 		}
L_main7:
;UARTarduinoPIC.c,85 :: 		}
0x039C	0xD777      	BRA         L_main0
;UARTarduinoPIC.c,86 :: 		}
L_end_main:
0x039E	0xD7FF      	BRA         $+0
; end of _main
0x03E4	0xF015EE10  	LFSR        1, 21
0x03E8	0x0E44      	MOVLW       68
0x03EA	0x6E00      	MOVWF       R0 
0x03EC	0x0E01      	MOVLW       1
0x03EE	0x6E01      	MOVWF       R1 
0x03F0	0x0EA0      	MOVLW       160
0x03F2	0x6EF6      	MOVWF       4086 
0x03F4	0x0E03      	MOVLW       3
0x03F6	0x6EF7      	MOVWF       TBLPTRH 
0x03F8	0x0E00      	MOVLW       0
0x03FA	0x6EF8      	MOVWF       TBLPTRU 
0x03FC	0xF000ECBE  	CALL        380, 0
0x0400	0x0012      	RETURN      0
;UARTarduinoPIC.c,0 :: ?ICS?lstr6_UARTarduinoPIC
0x03A0	0x6553 ;?ICS?lstr6_UARTarduinoPIC+0
0x03A2	0x646E ;?ICS?lstr6_UARTarduinoPIC+2
0x03A4	0x3D20 ;?ICS?lstr6_UARTarduinoPIC+4
0x03A6	0x5020 ;?ICS?lstr6_UARTarduinoPIC+6
0x03A8	0x00 ;?ICS?lstr6_UARTarduinoPIC+8
; end of ?ICS?lstr6_UARTarduinoPIC
;UARTarduinoPIC.c,0 :: ?ICS_Control
0x03A9	0x0000 ;?ICS_Control+0
; end of ?ICS_Control
;UARTarduinoPIC.c,0 :: ?ICS?lstr4_UARTarduinoPIC
0x03AB	0x4950 ;?ICS?lstr4_UARTarduinoPIC+0
0x03AD	0x2043 ;?ICS?lstr4_UARTarduinoPIC+2
0x03AF	0x6552 ;?ICS?lstr4_UARTarduinoPIC+4
0x03B1	0x6563 ;?ICS?lstr4_UARTarduinoPIC+6
0x03B3	0x7669 ;?ICS?lstr4_UARTarduinoPIC+8
0x03B5	0x2F65 ;?ICS?lstr4_UARTarduinoPIC+10
0x03B7	0x6553 ;?ICS?lstr4_UARTarduinoPIC+12
0x03B9	0x646E ;?ICS?lstr4_UARTarduinoPIC+14
0x03BB	0x00 ;?ICS?lstr4_UARTarduinoPIC+16
; end of ?ICS?lstr4_UARTarduinoPIC
;UARTarduinoPIC.c,0 :: ?ICS?lstr3_UARTarduinoPIC
0x03BC	0x6552 ;?ICS?lstr3_UARTarduinoPIC+0
0x03BE	0x2E63 ;?ICS?lstr3_UARTarduinoPIC+2
0x03C0	0x203D ;?ICS?lstr3_UARTarduinoPIC+4
0x03C2	0x00 ;?ICS?lstr3_UARTarduinoPIC+6
; end of ?ICS?lstr3_UARTarduinoPIC
;UARTarduinoPIC.c,0 :: ?ICS?lstr1_UARTarduinoPIC
0x03C3	0x4950 ;?ICS?lstr1_UARTarduinoPIC+0
0x03C5	0x2043 ;?ICS?lstr1_UARTarduinoPIC+2
0x03C7	0x6553 ;?ICS?lstr1_UARTarduinoPIC+4
0x03C9	0x646E ;?ICS?lstr1_UARTarduinoPIC+6
0x03CB	0x522F ;?ICS?lstr1_UARTarduinoPIC+8
0x03CD	0x6365 ;?ICS?lstr1_UARTarduinoPIC+10
0x03CF	0x6965 ;?ICS?lstr1_UARTarduinoPIC+12
0x03D1	0x6576 ;?ICS?lstr1_UARTarduinoPIC+14
0x03D3	0x00 ;?ICS?lstr1_UARTarduinoPIC+16
; end of ?ICS?lstr1_UARTarduinoPIC
;UARTarduinoPIC.c,0 :: ?ICS?lstr2_UARTarduinoPIC
0x03D4	0x6553 ;?ICS?lstr2_UARTarduinoPIC+0
0x03D6	0x646E ;?ICS?lstr2_UARTarduinoPIC+2
0x03D8	0x3D20 ;?ICS?lstr2_UARTarduinoPIC+4
0x03DA	0x5420 ;?ICS?lstr2_UARTarduinoPIC+6
0x03DC	0x00 ;?ICS?lstr2_UARTarduinoPIC+8
; end of ?ICS?lstr2_UARTarduinoPIC
;UARTarduinoPIC.c,0 :: ?ICS?lstr5_UARTarduinoPIC
0x03DD	0x6552 ;?ICS?lstr5_UARTarduinoPIC+0
0x03DF	0x2E63 ;?ICS?lstr5_UARTarduinoPIC+2
0x03E1	0x203D ;?ICS?lstr5_UARTarduinoPIC+4
0x03E3	0x00 ;?ICS?lstr5_UARTarduinoPIC+6
; end of ?ICS?lstr5_UARTarduinoPIC
Symbol List:
//** Routines locations **
//ADDRESS    SIZE    PROCEDURE
//----------------------------------------------
0x001C      [22]    _Delay_5500us
0x0032       [6]    _Delay_1us
0x0038      [10]    _Delay_50us
0x0042     [124]    _Lcd_Cmd
0x00BE      [12]    _Lcd_Chr_CP
0x00CA      [10]    _UART1_Data_Ready
0x00D4      [18]    _UART1_Read
0x00E6     [150]    _Lcd_Init
0x017C      [16]    ___CC2DW
0x018C      [86]    _UART1_Init
0x01E2     [122]    _Lcd_Out
0x025C      [14]    _UART1_Write
0x026A     [310]    _main
//** Variables locations ** 
//ADDRESS    SIZE    VARIABLE
//----------------------------------------------
0x0000       [1]    EEPROM_Write_SaveINTCON_L0
0x0000       [1]    FLASH_Erase_64_SaveINTCON_L0
0x0000       [1]    SPI1_Write_tmp_L0
0x0000       [1]    __Lib_SoftI2C_PutZerosToLATScl_temp_scl_L0
0x0000       [1]    __Lib_SoftI2C_PutZerosToLATSda_temp_sda_L0
0x0000       [1]    UART1_Init_tmp_L0
0x0000       [1]    R0
0x0001       [1]    FLASH_Erase_Write_64_i_L0
0x0001       [1]    FLASH_Write_32_i_L0
0x0001       [1]    __Lib_TFT_16bit_JPEG_FileRead_i_L0
0x0001       [1]    __Lib_TFT_JPEG_FileRead_i_L0
0x0001       [1]    __Lib_TFT_16bit_JPEG_FileReadBytes_Result_L0
0x0001       [2]    FLASH_Read_N_Bytes_i_L0
0x0001       [1]    ispunct_rslt_L0
0x0001       [1]    UART1_Read___tmp_UART1_Read_L0
0x0001       [1]    R1
0x0001       [1]    __Lib_TFT_JPEG_FileReadBytes_Result_L0
0x0001       [1]    I2C1_Rd_tmp_L0
0x0001       [1]    __Lib_PS2_Wait_Falling_nsample_L0
0x0002       [2]    memchr_s_L0
0x0002       [1]    R2
0x0002       [1]    FLASH_Write_32_SaveINTCON_L0
0x0002       [2]    strlen_cp_L0
0x0002       [1]    FLASH_Erase_Write_64_j_L0
0x0002       [2]    memset_pp_L0
0x0002       [2]    memcpy_dd_L0
0x0003       [2]    MM_TotalFreeMemSize_Tot_L0
0x0003       [1]    __Lib_Sprinti_?FLOC____Lib_Sprinti_Do_FillT29
0x0003       [2]    __Lib_MmcFat16_f16_toInt_l_L0
0x0003       [2]    Ltrim_original_L0
0x0003       [1]    R3
0x0003       [1]    FLASH_Erase_Write_64_SaveINTCON_L0
0x0003       [2]    memmove_tt_L0
0x0003       [1]    MM_Init_i_L0
0x0004       [2]    strncpy_cp_L0
0x0004       [1]    R4
0x0004       [2]    memcpy_ss_L0
0x0004       [2]    strcpy_cp_L0
0x0004       [2]    strcat_cp_L0
0x0004       [2]    strncat_cp_L0
0x0004       [1]    __Lib_Sprinti_?FLOC____Lib_Sprinti_Do_FillT40
0x0004       [2]    frexp_pom_L0
0x0004       [2]    __Lib_MemManager_MM_GetMemAlign_P_L0
0x0005       [2]    LongIntToHex_input_half_L0
0x0005       [1]    __Lib_Sprinti_?FLOC____Lib_Sprinti_Do_FillT54
0x0005       [2]    LongWordToHex_input_half_L0
0x0005       [1]    R5
0x0005       [2]    Ltrim_p_L0
0x0005       [2]    memmove_ff_L0
0x0005       [1]    MM_TotalFreeMemSize_i_L0
0x0006       [1]    __Lib_MemManager_MM_GetMemAlign_i_L0
0x0006       [1]    __Lib_Sprinti_?FLOC____Lib_Sprinti_Do_FillT69
0x0006       [1]    R6
0x0007       [1]    R7
0x0007       [1]    __Lib_TFT_JPEG_GenerateHuffmanTables_bLength_L0
0x0007       [1]    __Lib_TFT_16bit_JPEG_GenerateHuffmanTables_bLength_L0
0x0008       [1]    __Lib_TFT_JPEG_GenerateHuffmanTables_bTable_L0
0x0008       [1]    __Lib_TFT_16bit_JPEG_GenerateHuffmanTables_bTable_L0
0x0008       [1]    R8
0x0009       [4]    __Lib_MmcFat16_f16_toLong_l_L0
0x0009       [1]    R9
0x000A       [1]    R10
0x000B       [1]    R11
0x000C       [1]    R12
0x000D       [1]    R13
0x000E       [1]    R14
0x000F       [1]    R15
0x0010       [1]    R16
0x0011       [1]    R17
0x0012       [1]    R18
0x0013       [1]    R19
0x0014       [1]    R20
0x0015       [9]    ?lstr6_UARTarduinoPIC
0x001E       [2]    _Control
0x0020      [17]    ?lstr4_UARTarduinoPIC
0x0031       [7]    ?lstr3_UARTarduinoPIC
0x0038      [17]    ?lstr1_UARTarduinoPIC
0x0049       [9]    ?lstr2_UARTarduinoPIC
0x0052       [7]    ?lstr5_UARTarduinoPIC
0x0059       [4]    _UART_Wr_Ptr
0x005D       [0]    __Lib_Lcd_cmd_status
0x005E       [4]    _UART_Rdy_Ptr
0x0062       [4]    _UART_Tx_Idle_Ptr
0x0066       [4]    _UART_Rd_Ptr
0x006A       [1]    _ucRead
0x006B       [1]    FARG_Lcd_Out_row
0x006B       [1]    FARG_UART1_Write_data_
0x006C       [1]    FARG_Lcd_Out_column
0x006D       [2]    FARG_Lcd_Out_text
0x006F       [1]    Lcd_Out_i_L0
0x0070       [1]    FARG_Lcd_Chr_CP_out_char
0x0071       [1]    FARG_Lcd_Cmd_out_char
0x0F83       [0]    LCD_D4
0x0F83       [0]    LCD_D6
0x0F83       [0]    LCD_D5
0x0F83       [0]    RD5_bit
0x0F83       [0]    LCD_D7
0x0F83       [0]    RD4_bit
0x0F83       [0]    RD7_bit
0x0F83       [0]    RD6_bit
0x0F84       [0]    LCD_EN
0x0F84       [0]    RE2_bit
0x0F84       [0]    RE1_bit
0x0F84       [0]    LCD_RS
0x0F94       [0]    TRISC6_bit
0x0F94       [0]    TRISC7_bit
0x0F95       [0]    LCD_D6_Direction
0x0F95       [0]    TRISD4_bit
0x0F95       [0]    LCD_D7_Direction
0x0F95       [0]    LCD_D4_Direction
0x0F95       [0]    LCD_D5_Direction
0x0F95       [0]    TRISD5_bit
0x0F95       [0]    TRISD6_bit
0x0F95       [0]    TRISD7_bit
0x0F96       [0]    TRISE1_bit
0x0F96       [0]    LCD_RS_Direction
0x0F96       [0]    TRISE2_bit
0x0F96       [0]    LCD_EN_Direction
0x0F9E       [1]    PIR1
0x0FAB       [1]    RCSTA
0x0FAC       [1]    TXSTA
0x0FAD       [1]    TXREG
0x0FAE       [1]    RCREG
0x0FAF       [1]    SPBRG
0x0FB0       [1]    SPBRGH
0x0FB8       [1]    BAUDCON
0x0FC1       [1]    ADCON1
0x0FD8       [1]    STATUS
0x0FD9       [1]    FSR2L
0x0FDA       [1]    FSR2H
0x0FDE       [1]    POSTINC2
0x0FE0       [1]    BSR
0x0FE1       [1]    FSR1L
0x0FE2       [1]    FSR1H
0x0FE4       [1]    PREINC1
0x0FE6       [1]    POSTINC1
0x0FE7       [1]    INDF1
0x0FE8       [1]    WREG
0x0FE9       [1]    FSR0L
0x0FEA       [1]    FSR0H
0x0FEE       [1]    POSTINC0
0x0FF3       [1]    PRODL
0x0FF4       [1]    PRODH
0x0FF5       [1]    TABLAT
0x0FF6       [1]    TBLPTRL
0x0FF7       [1]    TBLPTRH
0x0FF8       [1]    TBLPTRU
//** Constants locations ** 
//ADDRESS    SIZE    CONSTANT
//----------------------------------------------
0x03A0       [9]    ?ICS?lstr6_UARTarduinoPIC
0x03A9       [2]    ?ICS_Control
0x03AB      [17]    ?ICS?lstr4_UARTarduinoPIC
0x03BC       [7]    ?ICS?lstr3_UARTarduinoPIC
0x03C3      [17]    ?ICS?lstr1_UARTarduinoPIC
0x03D4       [9]    ?ICS?lstr2_UARTarduinoPIC
0x03DD       [7]    ?ICS?lstr5_UARTarduinoPIC
